<?xml version="1.0" encoding="UTF-8" standalone="yes"?><!DOCTYPE report PUBLIC "-//JACOCO//DTD Report 1.1//EN" "report.dtd"><report name="ProjectPlanner"><sessioninfo id="mjPC-fcbc7c76" start="1763313737704" dump="1763313738739"/><package name=""><class name="ProjectPlannerApp" sourcefilename="ProjectPlannerApp.java"><method name="&lt;init&gt;" desc="()V" line="5"><counter type="INSTRUCTION" missed="3" covered="0"/><counter type="LINE" missed="1" covered="0"/><counter type="COMPLEXITY" missed="1" covered="0"/><counter type="METHOD" missed="1" covered="0"/></method><method name="main" desc="([Ljava/lang/String;)V" line="7"><counter type="INSTRUCTION" missed="3" covered="0"/><counter type="LINE" missed="2" covered="0"/><counter type="COMPLEXITY" missed="1" covered="0"/><counter type="METHOD" missed="1" covered="0"/></method><method name="lambda$main$0" desc="()V" line="8"><counter type="INSTRUCTION" missed="6" covered="0"/><counter type="LINE" missed="2" covered="0"/><counter type="COMPLEXITY" missed="1" covered="0"/><counter type="METHOD" missed="1" covered="0"/></method><counter type="INSTRUCTION" missed="12" covered="0"/><counter type="LINE" missed="5" covered="0"/><counter type="COMPLEXITY" missed="3" covered="0"/><counter type="METHOD" missed="3" covered="0"/><counter type="CLASS" missed="1" covered="0"/></class><sourcefile name="ProjectPlannerApp.java"><line nr="5" mi="3" ci="0" mb="0" cb="0"/><line nr="7" mi="2" ci="0" mb="0" cb="0"/><line nr="8" mi="5" ci="0" mb="0" cb="0"/><line nr="9" mi="1" ci="0" mb="0" cb="0"/><line nr="10" mi="1" ci="0" mb="0" cb="0"/><counter type="INSTRUCTION" missed="12" covered="0"/><counter type="LINE" missed="5" covered="0"/><counter type="COMPLEXITY" missed="3" covered="0"/><counter type="METHOD" missed="3" covered="0"/><counter type="CLASS" missed="1" covered="0"/></sourcefile><counter type="INSTRUCTION" missed="12" covered="0"/><counter type="LINE" missed="5" covered="0"/><counter type="COMPLEXITY" missed="3" covered="0"/><counter type="METHOD" missed="3" covered="0"/><counter type="CLASS" missed="1" covered="0"/></package><package name="view"><class name="view/DashboardPanel" sourcefilename="DashboardPanel.java"><method name="&lt;init&gt;" desc="()V" line="7"><counter type="INSTRUCTION" missed="46" covered="0"/><counter type="LINE" missed="10" covered="0"/><counter type="COMPLEXITY" missed="1" covered="0"/><counter type="METHOD" missed="1" covered="0"/></method><counter type="INSTRUCTION" missed="46" covered="0"/><counter type="LINE" missed="10" covered="0"/><counter type="COMPLEXITY" missed="1" covered="0"/><counter type="METHOD" missed="1" covered="0"/><counter type="CLASS" missed="1" covered="0"/></class><class name="view/ProjectFormPanel" sourcefilename="ProjectFormPanel.java"><method name="&lt;init&gt;" desc="(Lmodel/Project;)V" line="28"><counter type="INSTRUCTION" missed="13" covered="0"/><counter type="LINE" missed="6" covered="0"/><counter type="COMPLEXITY" missed="1" covered="0"/><counter type="METHOD" missed="1" covered="0"/></method><method name="initializeStorage" desc="()V" line="37"><counter type="INSTRUCTION" missed="12" covered="0"/><counter type="LINE" missed="4" covered="0"/><counter type="COMPLEXITY" missed="1" covered="0"/><counter type="METHOD" missed="1" covered="0"/></method><method name="initializeUI" desc="()V" line="43"><counter type="INSTRUCTION" missed="434" covered="0"/><counter type="LINE" missed="79" covered="0"/><counter type="COMPLEXITY" missed="1" covered="0"/><counter type="METHOD" missed="1" covered="0"/></method><method name="createTaskTable" desc="()Ljavax/swing/JTable;" line="187"><counter type="INSTRUCTION" missed="73" covered="0"/><counter type="LINE" missed="11" covered="0"/><counter type="COMPLEXITY" missed="1" covered="0"/><counter type="METHOD" missed="1" covered="0"/></method><method name="createResourceTable" desc="()Ljavax/swing/JTable;" line="210"><counter type="INSTRUCTION" missed="43" covered="0"/><counter type="LINE" missed="8" covered="0"/><counter type="COMPLEXITY" missed="1" covered="0"/><counter type="METHOD" missed="1" covered="0"/></method><method name="showAddTaskDialog" desc="()V" line="231"><counter type="INSTRUCTION" missed="195" covered="0"/><counter type="BRANCH" missed="18" covered="0"/><counter type="LINE" missed="37" covered="0"/><counter type="COMPLEXITY" missed="10" covered="0"/><counter type="METHOD" missed="1" covered="0"/></method><method name="showAddResourceDialog" desc="()V" line="295"><counter type="INSTRUCTION" missed="166" covered="0"/><counter type="BRANCH" missed="14" covered="0"/><counter type="LINE" missed="34" covered="0"/><counter type="COMPLEXITY" missed="8" covered="0"/><counter type="METHOD" missed="1" covered="0"/></method><method name="createOrLoadNewProject" desc="()V" line="349"><counter type="INSTRUCTION" missed="198" covered="0"/><counter type="BRANCH" missed="16" covered="0"/><counter type="LINE" missed="46" covered="0"/><counter type="COMPLEXITY" missed="9" covered="0"/><counter type="METHOD" missed="1" covered="0"/></method><method name="saveProject" desc="()V" line="412"><counter type="INSTRUCTION" missed="9" covered="0"/><counter type="BRANCH" missed="2" covered="0"/><counter type="LINE" missed="4" covered="0"/><counter type="COMPLEXITY" missed="2" covered="0"/><counter type="METHOD" missed="1" covered="0"/></method><method name="saveProjectToDatabase" desc="()V" line="421"><counter type="INSTRUCTION" missed="20" covered="0"/><counter type="LINE" missed="6" covered="0"/><counter type="COMPLEXITY" missed="1" covered="0"/><counter type="METHOD" missed="1" covered="0"/></method><method name="saveProjectToFile" desc="()V" line="430"><counter type="INSTRUCTION" missed="45" covered="0"/><counter type="BRANCH" missed="2" covered="0"/><counter type="LINE" missed="11" covered="0"/><counter type="COMPLEXITY" missed="2" covered="0"/><counter type="METHOD" missed="1" covered="0"/></method><method name="editSelectedTask" desc="()V" line="447"><counter type="INSTRUCTION" missed="38" covered="0"/><counter type="BRANCH" missed="8" covered="0"/><counter type="LINE" missed="8" covered="0"/><counter type="COMPLEXITY" missed="5" covered="0"/><counter type="METHOD" missed="1" covered="0"/></method><method name="deleteSelectedTask" desc="()V" line="460"><counter type="INSTRUCTION" missed="89" covered="0"/><counter type="BRANCH" missed="12" covered="0"/><counter type="LINE" missed="23" covered="0"/><counter type="COMPLEXITY" missed="7" covered="0"/><counter type="METHOD" missed="1" covered="0"/></method><method name="editSelectedResource" desc="()V" line="502"><counter type="INSTRUCTION" missed="38" covered="0"/><counter type="BRANCH" missed="8" covered="0"/><counter type="LINE" missed="8" covered="0"/><counter type="COMPLEXITY" missed="5" covered="0"/><counter type="METHOD" missed="1" covered="0"/></method><method name="deleteSelectedResource" desc="()V" line="515"><counter type="INSTRUCTION" missed="87" covered="0"/><counter type="BRANCH" missed="12" covered="0"/><counter type="LINE" missed="22" covered="0"/><counter type="COMPLEXITY" missed="7" covered="0"/><counter type="METHOD" missed="1" covered="0"/></method><method name="showEditTaskDialog" desc="(Lmodel/Task;I)V" line="557"><counter type="INSTRUCTION" missed="172" covered="0"/><counter type="BRANCH" missed="12" covered="0"/><counter type="LINE" missed="32" covered="0"/><counter type="COMPLEXITY" missed="7" covered="0"/><counter type="METHOD" missed="1" covered="0"/></method><method name="showEditResourceDialog" desc="(Lmodel/Resource;I)V" line="621"><counter type="INSTRUCTION" missed="236" covered="0"/><counter type="BRANCH" missed="26" covered="0"/><counter type="LINE" missed="52" covered="0"/><counter type="COMPLEXITY" missed="14" covered="0"/><counter type="METHOD" missed="1" covered="0"/></method><method name="handleFileUpload" desc="(Ljava/lang/String;)V" line="715"><counter type="INSTRUCTION" missed="220" covered="0"/><counter type="BRANCH" missed="28" covered="0"/><counter type="LINE" missed="54" covered="0"/><counter type="COMPLEXITY" missed="15" covered="0"/><counter type="METHOD" missed="1" covered="0"/></method><method name="showFullTaskTableDialog" desc="()V" line="816"><counter type="INSTRUCTION" missed="134" covered="0"/><counter type="BRANCH" missed="6" covered="0"/><counter type="LINE" missed="20" covered="0"/><counter type="COMPLEXITY" missed="4" covered="0"/><counter type="METHOD" missed="1" covered="0"/></method><method name="getResourcesForTask" desc="(Lmodel/Task;Ljava/util/List;)Ljava/lang/String;" line="843"><counter type="INSTRUCTION" missed="56" covered="0"/><counter type="BRANCH" missed="12" covered="0"/><counter type="LINE" missed="11" covered="0"/><counter type="COMPLEXITY" missed="7" covered="0"/><counter type="METHOD" missed="1" covered="0"/></method><method name="refreshTaskTable" desc="()V" line="861"><counter type="INSTRUCTION" missed="100" covered="0"/><counter type="BRANCH" missed="6" covered="0"/><counter type="LINE" missed="13" covered="0"/><counter type="COMPLEXITY" missed="4" covered="0"/><counter type="METHOD" missed="1" covered="0"/></method><method name="refreshResourceTable" desc="()V" line="885"><counter type="INSTRUCTION" missed="68" covered="0"/><counter type="BRANCH" missed="6" covered="0"/><counter type="LINE" missed="10" covered="0"/><counter type="COMPLEXITY" missed="4" covered="0"/><counter type="METHOD" missed="1" covered="0"/></method><method name="formatAllocations" desc="(Ljava/util/List;)Ljava/lang/String;" line="906"><counter type="INSTRUCTION" missed="46" covered="0"/><counter type="BRANCH" missed="8" covered="0"/><counter type="LINE" missed="7" covered="0"/><counter type="COMPLEXITY" missed="5" covered="0"/><counter type="METHOD" missed="1" covered="0"/></method><method name="loadProjectFromDatabase" desc="()V" line="919"><counter type="INSTRUCTION" missed="50" covered="0"/><counter type="BRANCH" missed="4" covered="0"/><counter type="LINE" missed="13" covered="0"/><counter type="COMPLEXITY" missed="3" covered="0"/><counter type="METHOD" missed="1" covered="0"/></method><method name="lambda$initializeUI$13" desc="(Ljava/awt/event/ActionEvent;)V" line="179"><counter type="INSTRUCTION" missed="3" covered="0"/><counter type="LINE" missed="1" covered="0"/><counter type="COMPLEXITY" missed="1" covered="0"/><counter type="METHOD" missed="1" covered="0"/></method><method name="lambda$initializeUI$12" desc="(Ljava/awt/event/ActionEvent;)V" line="175"><counter type="INSTRUCTION" missed="3" covered="0"/><counter type="LINE" missed="1" covered="0"/><counter type="COMPLEXITY" missed="1" covered="0"/><counter type="METHOD" missed="1" covered="0"/></method><method name="lambda$initializeUI$11" desc="(Ljava/awt/event/ActionEvent;)V" line="174"><counter type="INSTRUCTION" missed="3" covered="0"/><counter type="LINE" missed="1" covered="0"/><counter type="COMPLEXITY" missed="1" covered="0"/><counter type="METHOD" missed="1" covered="0"/></method><method name="lambda$initializeUI$10" desc="(Ljava/awt/event/ActionEvent;)V" line="173"><counter type="INSTRUCTION" missed="3" covered="0"/><counter type="LINE" missed="1" covered="0"/><counter type="COMPLEXITY" missed="1" covered="0"/><counter type="METHOD" missed="1" covered="0"/></method><method name="lambda$initializeUI$9" desc="(Ljava/awt/event/ActionEvent;)V" line="172"><counter type="INSTRUCTION" missed="3" covered="0"/><counter type="LINE" missed="1" covered="0"/><counter type="COMPLEXITY" missed="1" covered="0"/><counter type="METHOD" missed="1" covered="0"/></method><method name="lambda$initializeUI$8" desc="(Ljava/awt/event/ActionEvent;)V" line="169"><counter type="INSTRUCTION" missed="4" covered="0"/><counter type="LINE" missed="1" covered="0"/><counter type="COMPLEXITY" missed="1" covered="0"/><counter type="METHOD" missed="1" covered="0"/></method><method name="lambda$initializeUI$7" desc="(Ljava/awt/event/ActionEvent;)V" line="168"><counter type="INSTRUCTION" missed="4" covered="0"/><counter type="LINE" missed="1" covered="0"/><counter type="COMPLEXITY" missed="1" covered="0"/><counter type="METHOD" missed="1" covered="0"/></method><method name="lambda$initializeUI$6" desc="(Ljava/awt/event/ActionEvent;)V" line="167"><counter type="INSTRUCTION" missed="3" covered="0"/><counter type="LINE" missed="1" covered="0"/><counter type="COMPLEXITY" missed="1" covered="0"/><counter type="METHOD" missed="1" covered="0"/></method><method name="lambda$initializeUI$5" desc="(Ljava/awt/event/ActionEvent;)V" line="166"><counter type="INSTRUCTION" missed="3" covered="0"/><counter type="LINE" missed="1" covered="0"/><counter type="COMPLEXITY" missed="1" covered="0"/><counter type="METHOD" missed="1" covered="0"/></method><method name="lambda$initializeUI$4" desc="(Ljava/awt/event/ActionEvent;)V" line="165"><counter type="INSTRUCTION" missed="3" covered="0"/><counter type="LINE" missed="1" covered="0"/><counter type="COMPLEXITY" missed="1" covered="0"/><counter type="METHOD" missed="1" covered="0"/></method><method name="lambda$initializeUI$3" desc="(Ljava/awt/event/ActionEvent;)V" line="164"><counter type="INSTRUCTION" missed="3" covered="0"/><counter type="LINE" missed="1" covered="0"/><counter type="COMPLEXITY" missed="1" covered="0"/><counter type="METHOD" missed="1" covered="0"/></method><method name="lambda$initializeUI$2" desc="(Ljavax/swing/event/ListSelectionEvent;)V" line="156"><counter type="INSTRUCTION" missed="20" covered="0"/><counter type="BRANCH" missed="4" covered="0"/><counter type="LINE" missed="5" covered="0"/><counter type="COMPLEXITY" missed="3" covered="0"/><counter type="METHOD" missed="1" covered="0"/></method><method name="lambda$initializeUI$1" desc="(Ljavax/swing/event/ListSelectionEvent;)V" line="148"><counter type="INSTRUCTION" missed="20" covered="0"/><counter type="BRANCH" missed="4" covered="0"/><counter type="LINE" missed="5" covered="0"/><counter type="COMPLEXITY" missed="3" covered="0"/><counter type="METHOD" missed="1" covered="0"/></method><method name="lambda$initializeUI$0" desc="(Ljava/awt/event/ActionEvent;)V" line="54"><counter type="INSTRUCTION" missed="16" covered="0"/><counter type="BRANCH" missed="4" covered="0"/><counter type="LINE" missed="4" covered="0"/><counter type="COMPLEXITY" missed="3" covered="0"/><counter type="METHOD" missed="1" covered="0"/></method><counter type="INSTRUCTION" missed="2633" covered="0"/><counter type="BRANCH" missed="212" covered="0"/><counter type="LINE" missed="533" covered="0"/><counter type="COMPLEXITY" missed="144" covered="0"/><counter type="METHOD" missed="38" covered="0"/><counter type="CLASS" missed="1" covered="0"/></class><class name="view/GanttChartPanel" sourcefilename="GanttChartPanel.java"><method name="&lt;init&gt;" desc="(Ljava/util/List;)V" line="18"><counter type="INSTRUCTION" missed="13" covered="0"/><counter type="LINE" missed="4" covered="0"/><counter type="COMPLEXITY" missed="1" covered="0"/><counter type="METHOD" missed="1" covered="0"/></method><method name="paintComponent" desc="(Ljava/awt/Graphics;)V" line="25"><counter type="INSTRUCTION" missed="575" covered="0"/><counter type="BRANCH" missed="40" covered="0"/><counter type="LINE" missed="94" covered="0"/><counter type="COMPLEXITY" missed="21" covered="0"/><counter type="METHOD" missed="1" covered="0"/></method><method name="parseToMillis" desc="(Ljava/lang/String;)J" line="159"><counter type="INSTRUCTION" missed="141" covered="0"/><counter type="BRANCH" missed="12" covered="0"/><counter type="LINE" missed="30" covered="0"/><counter type="COMPLEXITY" missed="7" covered="0"/><counter type="METHOD" missed="1" covered="0"/></method><counter type="INSTRUCTION" missed="729" covered="0"/><counter type="BRANCH" missed="52" covered="0"/><counter type="LINE" missed="128" covered="0"/><counter type="COMPLEXITY" missed="29" covered="0"/><counter type="METHOD" missed="3" covered="0"/><counter type="CLASS" missed="1" covered="0"/></class><class name="view/AnalysisPanel" sourcefilename="AnalysisPanel.java"><method name="&lt;init&gt;" desc="()V" line="8"><counter type="INSTRUCTION" missed="25" covered="0"/><counter type="LINE" missed="6" covered="0"/><counter type="COMPLEXITY" missed="1" covered="0"/><counter type="METHOD" missed="1" covered="0"/></method><method name="setResult" desc="(Ljava/lang/String;)V" line="15"><counter type="INSTRUCTION" missed="5" covered="0"/><counter type="LINE" missed="2" covered="0"/><counter type="COMPLEXITY" missed="1" covered="0"/><counter type="METHOD" missed="1" covered="0"/></method><counter type="INSTRUCTION" missed="30" covered="0"/><counter type="LINE" missed="8" covered="0"/><counter type="COMPLEXITY" missed="2" covered="0"/><counter type="METHOD" missed="2" covered="0"/><counter type="CLASS" missed="1" covered="0"/></class><class name="view/VisualizePanel" sourcefilename="VisualizePanel.java"><method name="&lt;init&gt;" desc="(Lmodel/Project;)V" line="17"><counter type="INSTRUCTION" missed="50" covered="0"/><counter type="BRANCH" missed="2" covered="0"/><counter type="LINE" missed="10" covered="0"/><counter type="COMPLEXITY" missed="2" covered="0"/><counter type="METHOD" missed="1" covered="0"/></method><method name="lambda$new$0" desc="(Lmodel/Project;Ljava/awt/event/ActionEvent;)V" line="31"><counter type="INSTRUCTION" missed="21" covered="0"/><counter type="BRANCH" missed="2" covered="0"/><counter type="LINE" missed="5" covered="0"/><counter type="COMPLEXITY" missed="2" covered="0"/><counter type="METHOD" missed="1" covered="0"/></method><counter type="INSTRUCTION" missed="71" covered="0"/><counter type="BRANCH" missed="4" covered="0"/><counter type="LINE" missed="15" covered="0"/><counter type="COMPLEXITY" missed="4" covered="0"/><counter type="METHOD" missed="2" covered="0"/><counter type="CLASS" missed="1" covered="0"/></class><class name="view/ProjectFormPanel$1" sourcefilename="ProjectFormPanel.java"><method name="&lt;init&gt;" desc="(Lview/ProjectFormPanel;[Ljava/lang/Object;I)V" line="188"><counter type="INSTRUCTION" missed="8" covered="0"/><counter type="LINE" missed="1" covered="0"/><counter type="COMPLEXITY" missed="1" covered="0"/><counter type="METHOD" missed="1" covered="0"/></method><method name="isCellEditable" desc="(II)Z" line="191"><counter type="INSTRUCTION" missed="2" covered="0"/><counter type="LINE" missed="1" covered="0"/><counter type="COMPLEXITY" missed="1" covered="0"/><counter type="METHOD" missed="1" covered="0"/></method><counter type="INSTRUCTION" missed="10" covered="0"/><counter type="LINE" missed="2" covered="0"/><counter type="COMPLEXITY" missed="2" covered="0"/><counter type="METHOD" missed="2" covered="0"/><counter type="CLASS" missed="1" covered="0"/></class><class name="view/AnalyzePanel" sourcefilename="AnalyzePanel.java"><method name="&lt;init&gt;" desc="(Lmodel/Project;)V" line="13"><counter type="INSTRUCTION" missed="104" covered="0"/><counter type="LINE" missed="19" covered="0"/><counter type="COMPLEXITY" missed="1" covered="0"/><counter type="METHOD" missed="1" covered="0"/></method><method name="showCompletion" desc="()V" line="38"><counter type="INSTRUCTION" missed="9" covered="0"/><counter type="LINE" missed="3" covered="0"/><counter type="COMPLEXITY" missed="1" covered="0"/><counter type="METHOD" missed="1" covered="0"/></method><method name="showOverlaps" desc="()V" line="43"><counter type="INSTRUCTION" missed="24" covered="0"/><counter type="BRANCH" missed="2" covered="0"/><counter type="LINE" missed="4" covered="0"/><counter type="COMPLEXITY" missed="2" covered="0"/><counter type="METHOD" missed="1" covered="0"/></method><method name="showTeams" desc="()V" line="49"><counter type="INSTRUCTION" missed="33" covered="0"/><counter type="BRANCH" missed="2" covered="0"/><counter type="LINE" missed="6" covered="0"/><counter type="COMPLEXITY" missed="2" covered="0"/><counter type="METHOD" missed="1" covered="0"/></method><method name="showEffort" desc="()V" line="58"><counter type="INSTRUCTION" missed="34" covered="0"/><counter type="BRANCH" missed="2" covered="0"/><counter type="LINE" missed="4" covered="0"/><counter type="COMPLEXITY" missed="2" covered="0"/><counter type="METHOD" missed="1" covered="0"/></method><method name="lambda$new$3" desc="(Ljava/awt/event/ActionEvent;)V" line="34"><counter type="INSTRUCTION" missed="3" covered="0"/><counter type="LINE" missed="1" covered="0"/><counter type="COMPLEXITY" missed="1" covered="0"/><counter type="METHOD" missed="1" covered="0"/></method><method name="lambda$new$2" desc="(Ljava/awt/event/ActionEvent;)V" line="33"><counter type="INSTRUCTION" missed="3" covered="0"/><counter type="LINE" missed="1" covered="0"/><counter type="COMPLEXITY" missed="1" covered="0"/><counter type="METHOD" missed="1" covered="0"/></method><method name="lambda$new$1" desc="(Ljava/awt/event/ActionEvent;)V" line="32"><counter type="INSTRUCTION" missed="3" covered="0"/><counter type="LINE" missed="1" covered="0"/><counter type="COMPLEXITY" missed="1" covered="0"/><counter type="METHOD" missed="1" covered="0"/></method><method name="lambda$new$0" desc="(Ljava/awt/event/ActionEvent;)V" line="31"><counter type="INSTRUCTION" missed="3" covered="0"/><counter type="LINE" missed="1" covered="0"/><counter type="COMPLEXITY" missed="1" covered="0"/><counter type="METHOD" missed="1" covered="0"/></method><counter type="INSTRUCTION" missed="216" covered="0"/><counter type="BRANCH" missed="6" covered="0"/><counter type="LINE" missed="36" covered="0"/><counter type="COMPLEXITY" missed="12" covered="0"/><counter type="METHOD" missed="9" covered="0"/><counter type="CLASS" missed="1" covered="0"/></class><class name="view/ProjectFormPanel$2" sourcefilename="ProjectFormPanel.java"><method name="&lt;init&gt;" desc="(Lview/ProjectFormPanel;[Ljava/lang/Object;I)V" line="211"><counter type="INSTRUCTION" missed="8" covered="0"/><counter type="LINE" missed="1" covered="0"/><counter type="COMPLEXITY" missed="1" covered="0"/><counter type="METHOD" missed="1" covered="0"/></method><method name="isCellEditable" desc="(II)Z" line="214"><counter type="INSTRUCTION" missed="2" covered="0"/><counter type="LINE" missed="1" covered="0"/><counter type="COMPLEXITY" missed="1" covered="0"/><counter type="METHOD" missed="1" covered="0"/></method><counter type="INSTRUCTION" missed="10" covered="0"/><counter type="LINE" missed="2" covered="0"/><counter type="COMPLEXITY" missed="2" covered="0"/><counter type="METHOD" missed="2" covered="0"/><counter type="CLASS" missed="1" covered="0"/></class><class name="view/ProjectFormPanel$3" sourcefilename="ProjectFormPanel.java"><method name="&lt;init&gt;" desc="(Lview/ProjectFormPanel;[[Ljava/lang/Object;[Ljava/lang/Object;)V" line="876"><counter type="INSTRUCTION" missed="8" covered="0"/><counter type="LINE" missed="1" covered="0"/><counter type="COMPLEXITY" missed="1" covered="0"/><counter type="METHOD" missed="1" covered="0"/></method><method name="isCellEditable" desc="(II)Z" line="879"><counter type="INSTRUCTION" missed="2" covered="0"/><counter type="LINE" missed="1" covered="0"/><counter type="COMPLEXITY" missed="1" covered="0"/><counter type="METHOD" missed="1" covered="0"/></method><counter type="INSTRUCTION" missed="10" covered="0"/><counter type="LINE" missed="2" covered="0"/><counter type="COMPLEXITY" missed="2" covered="0"/><counter type="METHOD" missed="2" covered="0"/><counter type="CLASS" missed="1" covered="0"/></class><class name="view/ProjectFormPanel$4" sourcefilename="ProjectFormPanel.java"><method name="&lt;init&gt;" desc="(Lview/ProjectFormPanel;[[Ljava/lang/Object;[Ljava/lang/Object;)V" line="897"><counter type="INSTRUCTION" missed="8" covered="0"/><counter type="LINE" missed="1" covered="0"/><counter type="COMPLEXITY" missed="1" covered="0"/><counter type="METHOD" missed="1" covered="0"/></method><method name="isCellEditable" desc="(II)Z" line="900"><counter type="INSTRUCTION" missed="2" covered="0"/><counter type="LINE" missed="1" covered="0"/><counter type="COMPLEXITY" missed="1" covered="0"/><counter type="METHOD" missed="1" covered="0"/></method><counter type="INSTRUCTION" missed="10" covered="0"/><counter type="LINE" missed="2" covered="0"/><counter type="COMPLEXITY" missed="2" covered="0"/><counter type="METHOD" missed="2" covered="0"/><counter type="CLASS" missed="1" covered="0"/></class><class name="view/MainUI" sourcefilename="MainUI.java"><method name="&lt;init&gt;" desc="()V" line="12"><counter type="INSTRUCTION" missed="135" covered="0"/><counter type="LINE" missed="30" covered="0"/><counter type="COMPLEXITY" missed="1" covered="0"/><counter type="METHOD" missed="1" covered="0"/></method><method name="showPanel" desc="(Ljavax/swing/JPanel;)V" line="59"><counter type="INSTRUCTION" missed="15" covered="0"/><counter type="LINE" missed="5" covered="0"/><counter type="COMPLEXITY" missed="1" covered="0"/><counter type="METHOD" missed="1" covered="0"/></method><method name="main" desc="([Ljava/lang/String;)V" line="66"><counter type="INSTRUCTION" missed="3" covered="0"/><counter type="LINE" missed="2" covered="0"/><counter type="COMPLEXITY" missed="1" covered="0"/><counter type="METHOD" missed="1" covered="0"/></method><method name="lambda$main$0" desc="()V" line="67"><counter type="INSTRUCTION" missed="6" covered="0"/><counter type="LINE" missed="2" covered="0"/><counter type="COMPLEXITY" missed="1" covered="0"/><counter type="METHOD" missed="1" covered="0"/></method><method name="lambda$new$3" desc="(Lview/VisualizePanel;Ljava/awt/event/ActionEvent;)V" line="55"><counter type="INSTRUCTION" missed="4" covered="0"/><counter type="LINE" missed="1" covered="0"/><counter type="COMPLEXITY" missed="1" covered="0"/><counter type="METHOD" missed="1" covered="0"/></method><method name="lambda$new$2" desc="(Lview/AnalyzePanel;Ljava/awt/event/ActionEvent;)V" line="54"><counter type="INSTRUCTION" missed="4" covered="0"/><counter type="LINE" missed="1" covered="0"/><counter type="COMPLEXITY" missed="1" covered="0"/><counter type="METHOD" missed="1" covered="0"/></method><method name="lambda$new$1" desc="(Lview/ProjectFormPanel;Ljava/awt/event/ActionEvent;)V" line="53"><counter type="INSTRUCTION" missed="4" covered="0"/><counter type="LINE" missed="1" covered="0"/><counter type="COMPLEXITY" missed="1" covered="0"/><counter type="METHOD" missed="1" covered="0"/></method><method name="lambda$new$0" desc="(Lview/DashboardPanel;Ljava/awt/event/ActionEvent;)V" line="52"><counter type="INSTRUCTION" missed="4" covered="0"/><counter type="LINE" missed="1" covered="0"/><counter type="COMPLEXITY" missed="1" covered="0"/><counter type="METHOD" missed="1" covered="0"/></method><method name="&lt;clinit&gt;" desc="()V" line="11"><counter type="INSTRUCTION" missed="6" covered="0"/><counter type="LINE" missed="1" covered="0"/><counter type="COMPLEXITY" missed="1" covered="0"/><counter type="METHOD" missed="1" covered="0"/></method><counter type="INSTRUCTION" missed="181" covered="0"/><counter type="LINE" missed="40" covered="0"/><counter type="COMPLEXITY" missed="9" covered="0"/><counter type="METHOD" missed="9" covered="0"/><counter type="CLASS" missed="1" covered="0"/></class><sourcefile name="AnalysisPanel.java"><line nr="8" mi="2" ci="0" mb="0" cb="0"/><line nr="9" mi="5" ci="0" mb="0" cb="0"/><line nr="10" mi="5" ci="0" mb="0" cb="0"/><line nr="11" mi="4" ci="0" mb="0" cb="0"/><line nr="12" mi="8" ci="0" mb="0" cb="0"/><line nr="13" mi="1" ci="0" mb="0" cb="0"/><line nr="15" mi="4" ci="0" mb="0" cb="0"/><line nr="16" mi="1" ci="0" mb="0" cb="0"/><counter type="INSTRUCTION" missed="30" covered="0"/><counter type="LINE" missed="8" covered="0"/><counter type="COMPLEXITY" missed="2" covered="0"/><counter type="METHOD" missed="2" covered="0"/><counter type="CLASS" missed="1" covered="0"/></sourcefile><sourcefile name="AnalyzePanel.java"><line nr="13" mi="2" ci="0" mb="0" cb="0"/><line nr="14" mi="3" ci="0" mb="0" cb="0"/><line nr="15" mi="5" ci="0" mb="0" cb="0"/><line nr="17" mi="11" ci="0" mb="0" cb="0"/><line nr="18" mi="5" ci="0" mb="0" cb="0"/><line nr="19" mi="5" ci="0" mb="0" cb="0"/><line nr="20" mi="5" ci="0" mb="0" cb="0"/><line nr="21" mi="5" ci="0" mb="0" cb="0"/><line nr="23" mi="16" ci="0" mb="0" cb="0"/><line nr="24" mi="4" ci="0" mb="0" cb="0"/><line nr="26" mi="5" ci="0" mb="0" cb="0"/><line nr="27" mi="4" ci="0" mb="0" cb="0"/><line nr="28" mi="9" ci="0" mb="0" cb="0"/><line nr="29" mi="8" ci="0" mb="0" cb="0"/><line nr="31" mi="7" ci="0" mb="0" cb="0"/><line nr="32" mi="7" ci="0" mb="0" cb="0"/><line nr="33" mi="7" ci="0" mb="0" cb="0"/><line nr="34" mi="7" ci="0" mb="0" cb="0"/><line nr="35" mi="1" ci="0" mb="0" cb="0"/><line nr="38" mi="5" ci="0" mb="0" cb="0"/><line nr="39" mi="3" ci="0" mb="0" cb="0"/><line nr="40" mi="1" ci="0" mb="0" cb="0"/><line nr="43" mi="4" ci="0" mb="0" cb="0"/><line nr="44" mi="13" ci="0" mb="2" cb="0"/><line nr="45" mi="6" ci="0" mb="0" cb="0"/><line nr="46" mi="1" ci="0" mb="0" cb="0"/><line nr="49" mi="4" ci="0" mb="0" cb="0"/><line nr="50" mi="12" ci="0" mb="2" cb="0"/><line nr="51" mi="7" ci="0" mb="0" cb="0"/><line nr="53" mi="8" ci="0" mb="0" cb="0"/><line nr="54" mi="1" ci="0" mb="0" cb="0"/><line nr="55" mi="1" ci="0" mb="0" cb="0"/><line nr="58" mi="4" ci="0" mb="0" cb="0"/><line nr="59" mi="8" ci="0" mb="0" cb="0"/><line nr="60" mi="21" ci="0" mb="2" cb="0"/><line nr="61" mi="1" ci="0" mb="0" cb="0"/><counter type="INSTRUCTION" missed="216" covered="0"/><counter type="BRANCH" missed="6" covered="0"/><counter type="LINE" missed="36" covered="0"/><counter type="COMPLEXITY" missed="12" covered="0"/><counter type="METHOD" missed="9" covered="0"/><counter type="CLASS" missed="1" covered="0"/></sourcefile><sourcefile name="DashboardPanel.java"><line nr="7" mi="2" ci="0" mb="0" cb="0"/><line nr="8" mi="5" ci="0" mb="0" cb="0"/><line nr="9" mi="6" ci="0" mb="0" cb="0"/><line nr="10" mi="8" ci="0" mb="0" cb="0"/><line nr="11" mi="4" ci="0" mb="0" cb="0"/><line nr="13" mi="5" ci="0" mb="0" cb="0"/><line nr="19" mi="3" ci="0" mb="0" cb="0"/><line nr="20" mi="8" ci="0" mb="0" cb="0"/><line nr="21" mi="4" ci="0" mb="0" cb="0"/><line nr="22" mi="1" ci="0" mb="0" cb="0"/><counter type="INSTRUCTION" missed="46" covered="0"/><counter type="LINE" missed="10" covered="0"/><counter type="COMPLEXITY" missed="1" covered="0"/><counter type="METHOD" missed="1" covered="0"/><counter type="CLASS" missed="1" covered="0"/></sourcefile><sourcefile name="GanttChartPanel.java"><line nr="18" mi="2" ci="0" mb="0" cb="0"/><line nr="19" mi="3" ci="0" mb="0" cb="0"/><line nr="20" mi="7" ci="0" mb="0" cb="0"/><line nr="21" mi="1" ci="0" mb="0" cb="0"/><line nr="25" mi="3" ci="0" mb="0" cb="0"/><line nr="26" mi="8" ci="0" mb="4" cb="0"/><line nr="28" mi="3" ci="0" mb="0" cb="0"/><line nr="29" mi="4" ci="0" mb="0" cb="0"/><line nr="30" mi="8" ci="0" mb="0" cb="0"/><line nr="32" mi="4" ci="0" mb="0" cb="0"/><line nr="33" mi="2" ci="0" mb="0" cb="0"/><line nr="34" mi="2" ci="0" mb="0" cb="0"/><line nr="35" mi="2" ci="0" mb="0" cb="0"/><line nr="36" mi="2" ci="0" mb="0" cb="0"/><line nr="37" mi="2" ci="0" mb="0" cb="0"/><line nr="40" mi="3" ci="0" mb="0" cb="0"/><line nr="41" mi="3" ci="0" mb="0" cb="0"/><line nr="42" mi="4" ci="0" mb="0" cb="0"/><line nr="43" mi="7" ci="0" mb="2" cb="0"/><line nr="44" mi="6" ci="0" mb="0" cb="0"/><line nr="45" mi="5" ci="0" mb="0" cb="0"/><line nr="46" mi="5" ci="0" mb="0" cb="0"/><line nr="47" mi="6" ci="0" mb="2" cb="0"/><line nr="48" mi="8" ci="0" mb="2" cb="0"/><line nr="49" mi="8" ci="0" mb="0" cb="0"/><line nr="50" mi="6" ci="0" mb="2" cb="0"/><line nr="51" mi="6" ci="0" mb="2" cb="0"/><line nr="53" mi="8" ci="0" mb="2" cb="0"/><line nr="56" mi="3" ci="0" mb="0" cb="0"/><line nr="57" mi="2" ci="0" mb="0" cb="0"/><line nr="58" mi="7" ci="0" mb="2" cb="0"/><line nr="59" mi="6" ci="0" mb="0" cb="0"/><line nr="60" mi="8" ci="0" mb="2" cb="0"/><line nr="61" mi="6" ci="0" mb="0" cb="0"/><line nr="62" mi="6" ci="0" mb="0" cb="0"/><line nr="65" mi="2" ci="0" mb="0" cb="0"/><line nr="66" mi="2" ci="0" mb="0" cb="0"/><line nr="67" mi="8" ci="0" mb="0" cb="0"/><line nr="70" mi="3" ci="0" mb="0" cb="0"/><line nr="71" mi="3" ci="0" mb="0" cb="0"/><line nr="72" mi="3" ci="0" mb="2" cb="0"/><line nr="73" mi="5" ci="0" mb="0" cb="0"/><line nr="75" mi="4" ci="0" mb="0" cb="0"/><line nr="76" mi="8" ci="0" mb="0" cb="0"/><line nr="77" mi="5" ci="0" mb="0" cb="0"/><line nr="80" mi="39" ci="0" mb="0" cb="0"/><line nr="85" mi="2" ci="0" mb="0" cb="0"/><line nr="86" mi="7" ci="0" mb="0" cb="0"/><line nr="87" mi="16" ci="0" mb="2" cb="0"/><line nr="88" mi="5" ci="0" mb="0" cb="0"/><line nr="89" mi="10" ci="0" mb="2" cb="0"/><line nr="93" mi="2" ci="0" mb="0" cb="0"/><line nr="94" mi="2" ci="0" mb="0" cb="0"/><line nr="95" mi="6" ci="0" mb="0" cb="0"/><line nr="96" mi="6" ci="0" mb="0" cb="0"/><line nr="97" mi="5" ci="0" mb="0" cb="0"/><line nr="98" mi="6" ci="0" mb="0" cb="0"/><line nr="100" mi="10" ci="0" mb="0" cb="0"/><line nr="101" mi="11" ci="0" mb="0" cb="0"/><line nr="104" mi="2" ci="0" mb="0" cb="0"/><line nr="105" mi="7" ci="0" mb="2" cb="0"/><line nr="106" mi="6" ci="0" mb="0" cb="0"/><line nr="107" mi="8" ci="0" mb="2" cb="0"/><line nr="108" mi="6" ci="0" mb="0" cb="0"/><line nr="109" mi="3" ci="0" mb="0" cb="0"/><line nr="110" mi="11" ci="0" mb="0" cb="0"/><line nr="112" mi="13" ci="0" mb="0" cb="0"/><line nr="113" mi="13" ci="0" mb="0" cb="0"/><line nr="114" mi="7" ci="0" mb="2" cb="0"/><line nr="115" mi="4" ci="0" mb="0" cb="0"/><line nr="117" mi="8" ci="0" mb="0" cb="0"/><line nr="118" mi="8" ci="0" mb="0" cb="0"/><line nr="119" mi="8" ci="0" mb="0" cb="0"/><line nr="120" mi="8" ci="0" mb="0" cb="0"/><line nr="122" mi="6" ci="0" mb="0" cb="0"/><line nr="126" mi="10" ci="0" mb="0" cb="0"/><line nr="127" mi="4" ci="0" mb="0" cb="0"/><line nr="128" mi="8" ci="0" mb="0" cb="0"/><line nr="129" mi="6" ci="0" mb="0" cb="0"/><line nr="133" mi="2" ci="0" mb="0" cb="0"/><line nr="134" mi="4" ci="0" mb="2" cb="0"/><line nr="135" mi="3" ci="0" mb="0" cb="0"/><line nr="136" mi="3" ci="0" mb="0" cb="0"/><line nr="138" mi="6" ci="0" mb="0" cb="0"/><line nr="139" mi="8" ci="0" mb="2" cb="0"/><line nr="141" mi="2" ci="0" mb="0" cb="0"/><line nr="142" mi="13" ci="0" mb="2" cb="0"/><line nr="143" mi="11" ci="0" mb="0" cb="0"/><line nr="145" mi="8" ci="0" mb="0" cb="0"/><line nr="146" mi="10" ci="0" mb="0" cb="0"/><line nr="147" mi="5" ci="0" mb="0" cb="0"/><line nr="148" mi="4" ci="0" mb="0" cb="0"/><line nr="149" mi="4" ci="0" mb="0" cb="0"/><line nr="150" mi="6" ci="0" mb="0" cb="0"/><line nr="151" mi="5" ci="0" mb="2" cb="0"/><line nr="152" mi="7" ci="0" mb="0" cb="0"/><line nr="153" mi="4" ci="0" mb="0" cb="0"/><line nr="156" mi="1" ci="0" mb="0" cb="0"/><line nr="159" mi="4" ci="0" mb="2" cb="0"/><line nr="160" mi="3" ci="0" mb="0" cb="0"/><line nr="162" mi="5" ci="0" mb="0" cb="0"/><line nr="163" mi="3" ci="0" mb="2" cb="0"/><line nr="164" mi="4" ci="0" mb="0" cb="0"/><line nr="165" mi="4" ci="0" mb="0" cb="0"/><line nr="166" mi="4" ci="0" mb="0" cb="0"/><line nr="167" mi="5" ci="0" mb="0" cb="0"/><line nr="169" mi="2" ci="0" mb="2" cb="0"/><line nr="170" mi="6" ci="0" mb="0" cb="0"/><line nr="171" mi="6" ci="0" mb="0" cb="0"/><line nr="172" mi="5" ci="0" mb="0" cb="0"/><line nr="173" mi="1" ci="0" mb="0" cb="0"/><line nr="174" mi="3" ci="0" mb="0" cb="0"/><line nr="176" mi="2" ci="0" mb="2" cb="0"/><line nr="177" mi="3" ci="0" mb="0" cb="0"/><line nr="178" mi="4" ci="0" mb="0" cb="0"/><line nr="179" mi="4" ci="0" mb="0" cb="0"/><line nr="181" mi="6" ci="0" mb="0" cb="0"/><line nr="184" mi="2" ci="0" mb="0" cb="0"/><line nr="185" mi="19" ci="0" mb="0" cb="0"/><line nr="186" mi="16" ci="0" mb="2" cb="0"/><line nr="188" mi="3" ci="0" mb="0" cb="0"/><line nr="189" mi="4" ci="0" mb="2" cb="0"/><line nr="190" mi="4" ci="0" mb="0" cb="0"/><line nr="191" mi="6" ci="0" mb="0" cb="0"/><line nr="193" mi="4" ci="0" mb="0" cb="0"/><line nr="194" mi="6" ci="0" mb="0" cb="0"/><line nr="196" mi="1" ci="0" mb="0" cb="0"/><line nr="198" mi="2" ci="0" mb="0" cb="0"/><counter type="INSTRUCTION" missed="729" covered="0"/><counter type="BRANCH" missed="52" covered="0"/><counter type="LINE" missed="128" covered="0"/><counter type="COMPLEXITY" missed="29" covered="0"/><counter type="METHOD" missed="3" covered="0"/><counter type="CLASS" missed="1" covered="0"/></sourcefile><sourcefile name="MainUI.java"><line nr="11" mi="6" ci="0" mb="0" cb="0"/><line nr="12" mi="8" ci="0" mb="0" cb="0"/><line nr="16" mi="2" ci="0" mb="0" cb="0"/><line nr="18" mi="1" ci="0" mb="0" cb="0"/><line nr="20" mi="3" ci="0" mb="0" cb="0"/><line nr="21" mi="3" ci="0" mb="0" cb="0"/><line nr="22" mi="4" ci="0" mb="0" cb="0"/><line nr="23" mi="3" ci="0" mb="0" cb="0"/><line nr="24" mi="5" ci="0" mb="0" cb="0"/><line nr="27" mi="10" ci="0" mb="0" cb="0"/><line nr="28" mi="5" ci="0" mb="0" cb="0"/><line nr="29" mi="5" ci="0" mb="0" cb="0"/><line nr="30" mi="5" ci="0" mb="0" cb="0"/><line nr="31" mi="5" ci="0" mb="0" cb="0"/><line nr="32" mi="4" ci="0" mb="0" cb="0"/><line nr="33" mi="4" ci="0" mb="0" cb="0"/><line nr="34" mi="4" ci="0" mb="0" cb="0"/><line nr="35" mi="4" ci="0" mb="0" cb="0"/><line nr="36" mi="4" ci="0" mb="0" cb="0"/><line nr="39" mi="8" ci="0" mb="0" cb="0"/><line nr="40" mi="5" ci="0" mb="0" cb="0"/><line nr="43" mi="4" ci="0" mb="0" cb="0"/><line nr="44" mi="5" ci="0" mb="0" cb="0"/><line nr="45" mi="5" ci="0" mb="0" cb="0"/><line nr="46" mi="5" ci="0" mb="0" cb="0"/><line nr="49" mi="3" ci="0" mb="0" cb="0"/><line nr="52" mi="9" ci="0" mb="0" cb="0"/><line nr="53" mi="9" ci="0" mb="0" cb="0"/><line nr="54" mi="9" ci="0" mb="0" cb="0"/><line nr="55" mi="9" ci="0" mb="0" cb="0"/><line nr="56" mi="1" ci="0" mb="0" cb="0"/><line nr="59" mi="3" ci="0" mb="0" cb="0"/><line nr="60" mi="5" ci="0" mb="0" cb="0"/><line nr="61" mi="3" ci="0" mb="0" cb="0"/><line nr="62" mi="3" ci="0" mb="0" cb="0"/><line nr="63" mi="1" ci="0" mb="0" cb="0"/><line nr="66" mi="2" ci="0" mb="0" cb="0"/><line nr="67" mi="5" ci="0" mb="0" cb="0"/><line nr="68" mi="1" ci="0" mb="0" cb="0"/><line nr="69" mi="1" ci="0" mb="0" cb="0"/><counter type="INSTRUCTION" missed="181" covered="0"/><counter type="LINE" missed="40" covered="0"/><counter type="COMPLEXITY" missed="9" covered="0"/><counter type="METHOD" missed="9" covered="0"/><counter type="CLASS" missed="1" covered="0"/></sourcefile><sourcefile name="VisualizePanel.java"><line nr="17" mi="2" ci="0" mb="0" cb="0"/><line nr="18" mi="3" ci="0" mb="0" cb="0"/><line nr="19" mi="5" ci="0" mb="0" cb="0"/><line nr="21" mi="5" ci="0" mb="0" cb="0"/><line nr="22" mi="4" ci="0" mb="0" cb="0"/><line nr="25" mi="11" ci="0" mb="2" cb="0"/><line nr="26" mi="9" ci="0" mb="0" cb="0"/><line nr="27" mi="5" ci="0" mb="0" cb="0"/><line nr="29" mi="5" ci="0" mb="0" cb="0"/><line nr="31" mi="11" ci="0" mb="2" cb="0"/><line nr="32" mi="5" ci="0" mb="0" cb="0"/><line nr="33" mi="2" ci="0" mb="0" cb="0"/><line nr="34" mi="2" ci="0" mb="0" cb="0"/><line nr="35" mi="1" ci="0" mb="0" cb="0"/><line nr="36" mi="1" ci="0" mb="0" cb="0"/><counter type="INSTRUCTION" missed="71" covered="0"/><counter type="BRANCH" missed="4" covered="0"/><counter type="LINE" missed="15" covered="0"/><counter type="COMPLEXITY" missed="4" covered="0"/><counter type="METHOD" missed="2" covered="0"/><counter type="CLASS" missed="1" covered="0"/></sourcefile><sourcefile name="ProjectFormPanel.java"><line nr="28" mi="3" ci="0" mb="0" cb="0"/><line nr="30" mi="2" ci="0" mb="0" cb="0"/><line nr="31" mi="3" ci="0" mb="0" cb="0"/><line nr="32" mi="2" ci="0" mb="0" cb="0"/><line nr="33" mi="2" ci="0" mb="0" cb="0"/><line nr="34" mi="1" ci="0" mb="0" cb="0"/><line nr="37" mi="1" ci="0" mb="0" cb="0"/><line nr="38" mi="5" ci="0" mb="0" cb="0"/><line nr="39" mi="5" ci="0" mb="0" cb="0"/><line nr="40" mi="1" ci="0" mb="0" cb="0"/><line nr="43" mi="7" ci="0" mb="0" cb="0"/><line nr="44" mi="7" ci="0" mb="0" cb="0"/><line nr="47" mi="10" ci="0" mb="0" cb="0"/><line nr="48" mi="4" ci="0" mb="0" cb="0"/><line nr="51" mi="7" ci="0" mb="0" cb="0"/><line nr="52" mi="15" ci="0" mb="0" cb="0"/><line nr="53" mi="5" ci="0" mb="0" cb="0"/><line nr="54" mi="10" ci="0" mb="2" cb="0"/><line nr="55" mi="3" ci="0" mb="2" cb="0"/><line nr="56" mi="2" ci="0" mb="0" cb="0"/><line nr="58" mi="1" ci="0" mb="0" cb="0"/><line nr="59" mi="5" ci="0" mb="0" cb="0"/><line nr="60" mi="5" ci="0" mb="0" cb="0"/><line nr="63" mi="6" ci="0" mb="0" cb="0"/><line nr="64" mi="6" ci="0" mb="0" cb="0"/><line nr="65" mi="5" ci="0" mb="0" cb="0"/><line nr="66" mi="5" ci="0" mb="0" cb="0"/><line nr="67" mi="5" ci="0" mb="0" cb="0"/><line nr="70" mi="6" ci="0" mb="0" cb="0"/><line nr="71" mi="6" ci="0" mb="0" cb="0"/><line nr="72" mi="6" ci="0" mb="0" cb="0"/><line nr="73" mi="6" ci="0" mb="0" cb="0"/><line nr="75" mi="5" ci="0" mb="0" cb="0"/><line nr="76" mi="5" ci="0" mb="0" cb="0"/><line nr="77" mi="5" ci="0" mb="0" cb="0"/><line nr="78" mi="5" ci="0" mb="0" cb="0"/><line nr="80" mi="4" ci="0" mb="0" cb="0"/><line nr="83" mi="11" ci="0" mb="0" cb="0"/><line nr="86" mi="4" ci="0" mb="0" cb="0"/><line nr="87" mi="4" ci="0" mb="0" cb="0"/><line nr="89" mi="6" ci="0" mb="0" cb="0"/><line nr="90" mi="6" ci="0" mb="0" cb="0"/><line nr="92" mi="4" ci="0" mb="0" cb="0"/><line nr="93" mi="4" ci="0" mb="0" cb="0"/><line nr="95" mi="4" ci="0" mb="0" cb="0"/><line nr="96" mi="4" ci="0" mb="0" cb="0"/><line nr="98" mi="4" ci="0" mb="0" cb="0"/><line nr="101" mi="11" ci="0" mb="0" cb="0"/><line nr="104" mi="10" ci="0" mb="0" cb="0"/><line nr="105" mi="4" ci="0" mb="0" cb="0"/><line nr="107" mi="6" ci="0" mb="0" cb="0"/><line nr="108" mi="6" ci="0" mb="0" cb="0"/><line nr="111" mi="9" ci="0" mb="0" cb="0"/><line nr="112" mi="4" ci="0" mb="0" cb="0"/><line nr="113" mi="9" ci="0" mb="0" cb="0"/><line nr="114" mi="4" ci="0" mb="0" cb="0"/><line nr="116" mi="4" ci="0" mb="0" cb="0"/><line nr="117" mi="4" ci="0" mb="0" cb="0"/><line nr="119" mi="5" ci="0" mb="0" cb="0"/><line nr="120" mi="5" ci="0" mb="0" cb="0"/><line nr="123" mi="10" ci="0" mb="0" cb="0"/><line nr="124" mi="4" ci="0" mb="0" cb="0"/><line nr="126" mi="6" ci="0" mb="0" cb="0"/><line nr="127" mi="6" ci="0" mb="0" cb="0"/><line nr="130" mi="9" ci="0" mb="0" cb="0"/><line nr="131" mi="4" ci="0" mb="0" cb="0"/><line nr="132" mi="9" ci="0" mb="0" cb="0"/><line nr="133" mi="4" ci="0" mb="0" cb="0"/><line nr="135" mi="4" ci="0" mb="0" cb="0"/><line nr="136" mi="4" ci="0" mb="0" cb="0"/><line nr="138" mi="5" ci="0" mb="0" cb="0"/><line nr="139" mi="5" ci="0" mb="0" cb="0"/><line nr="141" mi="4" ci="0" mb="0" cb="0"/><line nr="142" mi="4" ci="0" mb="0" cb="0"/><line nr="144" mi="4" ci="0" mb="0" cb="0"/><line nr="147" mi="6" ci="0" mb="0" cb="0"/><line nr="148" mi="3" ci="0" mb="2" cb="0"/><line nr="149" mi="8" ci="0" mb="2" cb="0"/><line nr="150" mi="4" ci="0" mb="0" cb="0"/><line nr="151" mi="4" ci="0" mb="0" cb="0"/><line nr="153" mi="1" ci="0" mb="0" cb="0"/><line nr="155" mi="6" ci="0" mb="0" cb="0"/><line nr="156" mi="3" ci="0" mb="2" cb="0"/><line nr="157" mi="8" ci="0" mb="2" cb="0"/><line nr="158" mi="4" ci="0" mb="0" cb="0"/><line nr="159" mi="4" ci="0" mb="0" cb="0"/><line nr="161" mi="1" ci="0" mb="0" cb="0"/><line nr="164" mi="8" ci="0" mb="0" cb="0"/><line nr="165" mi="8" ci="0" mb="0" cb="0"/><line nr="166" mi="8" ci="0" mb="0" cb="0"/><line nr="167" mi="8" ci="0" mb="0" cb="0"/><line nr="168" mi="9" ci="0" mb="0" cb="0"/><line nr="169" mi="9" ci="0" mb="0" cb="0"/><line nr="172" mi="8" ci="0" mb="0" cb="0"/><line nr="173" mi="8" ci="0" mb="0" cb="0"/><line nr="174" mi="8" ci="0" mb="0" cb="0"/><line nr="175" mi="8" ci="0" mb="0" cb="0"/><line nr="177" mi="5" ci="0" mb="0" cb="0"/><line nr="178" mi="4" ci="0" mb="0" cb="0"/><line nr="179" mi="7" ci="0" mb="0" cb="0"/><line nr="182" mi="2" ci="0" mb="0" cb="0"/><line nr="183" mi="2" ci="0" mb="0" cb="0"/><line nr="184" mi="1" ci="0" mb="0" cb="0"/><line nr="187" mi="23" ci="0" mb="0" cb="0"/><line nr="188" mi="15" ci="0" mb="0" cb="0"/><line nr="191" mi="2" ci="0" mb="0" cb="0"/><line nr="195" mi="5" ci="0" mb="0" cb="0"/><line nr="196" mi="3" ci="0" mb="0" cb="0"/><line nr="197" mi="3" ci="0" mb="0" cb="0"/><line nr="200" mi="6" ci="0" mb="0" cb="0"/><line nr="201" mi="6" ci="0" mb="0" cb="0"/><line nr="202" mi="6" ci="0" mb="0" cb="0"/><line nr="203" mi="6" ci="0" mb="0" cb="0"/><line nr="204" mi="6" ci="0" mb="0" cb="0"/><line nr="206" mi="2" ci="0" mb="0" cb="0"/><line nr="210" mi="11" ci="0" mb="0" cb="0"/><line nr="211" mi="15" ci="0" mb="0" cb="0"/><line nr="214" mi="2" ci="0" mb="0" cb="0"/><line nr="218" mi="5" ci="0" mb="0" cb="0"/><line nr="219" mi="3" ci="0" mb="0" cb="0"/><line nr="220" mi="3" ci="0" mb="0" cb="0"/><line nr="223" mi="6" ci="0" mb="0" cb="0"/><line nr="224" mi="6" ci="0" mb="0" cb="0"/><line nr="226" mi="2" ci="0" mb="0" cb="0"/><line nr="231" mi="4" ci="0" mb="0" cb="0"/><line nr="232" mi="4" ci="0" mb="0" cb="0"/><line nr="233" mi="4" ci="0" mb="0" cb="0"/><line nr="234" mi="4" ci="0" mb="0" cb="0"/><line nr="235" mi="4" ci="0" mb="0" cb="0"/><line nr="237" mi="43" ci="0" mb="0" cb="0"/><line nr="244" mi="6" ci="0" mb="0" cb="0"/><line nr="245" mi="2" ci="0" mb="2" cb="0"/><line nr="247" mi="5" ci="0" mb="0" cb="0"/><line nr="248" mi="4" ci="0" mb="0" cb="0"/><line nr="249" mi="4" ci="0" mb="0" cb="0"/><line nr="250" mi="4" ci="0" mb="0" cb="0"/><line nr="251" mi="4" ci="0" mb="0" cb="0"/><line nr="254" mi="9" ci="0" mb="6" cb="0"/><line nr="255" mi="5" ci="0" mb="0" cb="0"/><line nr="256" mi="1" ci="0" mb="0" cb="0"/><line nr="260" mi="4" ci="0" mb="2" cb="0"/><line nr="261" mi="12" ci="0" mb="2" cb="0"/><line nr="262" mi="4" ci="0" mb="2" cb="0"/><line nr="263" mi="5" ci="0" mb="0" cb="0"/><line nr="264" mi="1" ci="0" mb="0" cb="0"/><line nr="266" mi="1" ci="0" mb="0" cb="0"/><line nr="269" mi="9" ci="0" mb="0" cb="0"/><line nr="270" mi="4" ci="0" mb="2" cb="0"/><line nr="271" mi="6" ci="0" mb="0" cb="0"/><line nr="273" mi="6" ci="0" mb="0" cb="0"/><line nr="276" mi="3" ci="0" mb="2" cb="0"/><line nr="278" mi="7" ci="0" mb="0" cb="0"/><line nr="279" mi="1" ci="0" mb="0" cb="0"/><line nr="280" mi="7" ci="0" mb="0" cb="0"/><line nr="282" mi="1" ci="0" mb="0" cb="0"/><line nr="285" mi="2" ci="0" mb="0" cb="0"/><line nr="286" mi="5" ci="0" mb="0" cb="0"/><line nr="287" mi="1" ci="0" mb="0" cb="0"/><line nr="288" mi="7" ci="0" mb="0" cb="0"/><line nr="289" mi="1" ci="0" mb="0" cb="0"/><line nr="291" mi="1" ci="0" mb="0" cb="0"/><line nr="295" mi="4" ci="0" mb="0" cb="0"/><line nr="296" mi="4" ci="0" mb="0" cb="0"/><line nr="298" mi="19" ci="0" mb="0" cb="0"/><line nr="302" mi="6" ci="0" mb="0" cb="0"/><line nr="303" mi="2" ci="0" mb="2" cb="0"/><line nr="305" mi="4" ci="0" mb="0" cb="0"/><line nr="306" mi="3" ci="0" mb="2" cb="0"/><line nr="307" mi="5" ci="0" mb="0" cb="0"/><line nr="308" mi="1" ci="0" mb="0" cb="0"/><line nr="310" mi="4" ci="0" mb="0" cb="0"/><line nr="311" mi="4" ci="0" mb="0" cb="0"/><line nr="312" mi="3" ci="0" mb="2" cb="0"/><line nr="313" mi="4" ci="0" mb="0" cb="0"/><line nr="314" mi="16" ci="0" mb="2" cb="0"/><line nr="315" mi="5" ci="0" mb="0" cb="0"/><line nr="316" mi="4" ci="0" mb="2" cb="0"/><line nr="317" mi="6" ci="0" mb="0" cb="0"/><line nr="318" mi="6" ci="0" mb="0" cb="0"/><line nr="319" mi="8" ci="0" mb="0" cb="0"/><line nr="323" mi="6" ci="0" mb="0" cb="0"/><line nr="324" mi="4" ci="0" mb="2" cb="0"/><line nr="325" mi="6" ci="0" mb="0" cb="0"/><line nr="327" mi="6" ci="0" mb="0" cb="0"/><line nr="330" mi="3" ci="0" mb="2" cb="0"/><line nr="332" mi="7" ci="0" mb="0" cb="0"/><line nr="333" mi="1" ci="0" mb="0" cb="0"/><line nr="334" mi="7" ci="0" mb="0" cb="0"/><line nr="336" mi="1" ci="0" mb="0" cb="0"/><line nr="339" mi="2" ci="0" mb="0" cb="0"/><line nr="340" mi="5" ci="0" mb="0" cb="0"/><line nr="341" mi="1" ci="0" mb="0" cb="0"/><line nr="342" mi="7" ci="0" mb="0" cb="0"/><line nr="343" mi="1" ci="0" mb="0" cb="0"/><line nr="345" mi="1" ci="0" mb="0" cb="0"/><line nr="349" mi="19" ci="0" mb="0" cb="0"/><line nr="350" mi="12" ci="0" mb="0" cb="0"/><line nr="354" mi="2" ci="0" mb="2" cb="0"/><line nr="356" mi="3" ci="0" mb="0" cb="0"/><line nr="357" mi="6" ci="0" mb="4" cb="0"/><line nr="358" mi="5" ci="0" mb="0" cb="0"/><line nr="359" mi="6" ci="0" mb="0" cb="0"/><line nr="360" mi="6" ci="0" mb="0" cb="0"/><line nr="361" mi="4" ci="0" mb="0" cb="0"/><line nr="362" mi="3" ci="0" mb="0" cb="0"/><line nr="363" mi="2" ci="0" mb="0" cb="0"/><line nr="364" mi="2" ci="0" mb="0" cb="0"/><line nr="365" mi="6" ci="0" mb="0" cb="0"/><line nr="367" mi="4" ci="0" mb="2" cb="0"/><line nr="369" mi="4" ci="0" mb="0" cb="0"/><line nr="370" mi="4" ci="0" mb="0" cb="0"/><line nr="371" mi="2" ci="0" mb="2" cb="0"/><line nr="372" mi="3" ci="0" mb="0" cb="0"/><line nr="374" mi="5" ci="0" mb="0" cb="0"/><line nr="375" mi="5" ci="0" mb="0" cb="0"/><line nr="376" mi="5" ci="0" mb="0" cb="0"/><line nr="377" mi="5" ci="0" mb="0" cb="0"/><line nr="378" mi="4" ci="0" mb="0" cb="0"/><line nr="379" mi="3" ci="0" mb="0" cb="0"/><line nr="380" mi="2" ci="0" mb="0" cb="0"/><line nr="381" mi="2" ci="0" mb="0" cb="0"/><line nr="382" mi="5" ci="0" mb="0" cb="0"/><line nr="383" mi="1" ci="0" mb="0" cb="0"/><line nr="384" mi="7" ci="0" mb="0" cb="0"/><line nr="386" mi="1" ci="0" mb="0" cb="0"/><line nr="388" mi="4" ci="0" mb="2" cb="0"/><line nr="390" mi="3" ci="0" mb="0" cb="0"/><line nr="391" mi="6" ci="0" mb="4" cb="0"/><line nr="393" mi="6" ci="0" mb="0" cb="0"/><line nr="394" mi="5" ci="0" mb="0" cb="0"/><line nr="395" mi="5" ci="0" mb="0" cb="0"/><line nr="396" mi="5" ci="0" mb="0" cb="0"/><line nr="397" mi="4" ci="0" mb="0" cb="0"/><line nr="398" mi="3" ci="0" mb="0" cb="0"/><line nr="399" mi="2" ci="0" mb="0" cb="0"/><line nr="400" mi="2" ci="0" mb="0" cb="0"/><line nr="401" mi="5" ci="0" mb="0" cb="0"/><line nr="402" mi="1" ci="0" mb="0" cb="0"/><line nr="403" mi="7" ci="0" mb="0" cb="0"/><line nr="405" mi="1" ci="0" mb="0" cb="0"/><line nr="408" mi="1" ci="0" mb="0" cb="0"/><line nr="412" mi="3" ci="0" mb="2" cb="0"/><line nr="413" mi="3" ci="0" mb="0" cb="0"/><line nr="415" mi="2" ci="0" mb="0" cb="0"/><line nr="417" mi="1" ci="0" mb="0" cb="0"/><line nr="421" mi="5" ci="0" mb="0" cb="0"/><line nr="422" mi="5" ci="0" mb="0" cb="0"/><line nr="423" mi="1" ci="0" mb="0" cb="0"/><line nr="424" mi="7" ci="0" mb="0" cb="0"/><line nr="426" mi="1" ci="0" mb="0" cb="0"/><line nr="427" mi="1" ci="0" mb="0" cb="0"/><line nr="430" mi="4" ci="0" mb="0" cb="0"/><line nr="431" mi="9" ci="0" mb="0" cb="0"/><line nr="432" mi="4" ci="0" mb="0" cb="0"/><line nr="433" mi="2" ci="0" mb="2" cb="0"/><line nr="434" mi="3" ci="0" mb="0" cb="0"/><line nr="436" mi="6" ci="0" mb="0" cb="0"/><line nr="437" mi="7" ci="0" mb="0" cb="0"/><line nr="438" mi="1" ci="0" mb="0" cb="0"/><line nr="439" mi="7" ci="0" mb="0" cb="0"/><line nr="441" mi="1" ci="0" mb="0" cb="0"/><line nr="443" mi="1" ci="0" mb="0" cb="0"/><line nr="447" mi="4" ci="0" mb="0" cb="0"/><line nr="448" mi="3" ci="0" mb="2" cb="0"/><line nr="449" mi="5" ci="0" mb="0" cb="0"/><line nr="450" mi="1" ci="0" mb="0" cb="0"/><line nr="453" mi="13" ci="0" mb="6" cb="0"/><line nr="455" mi="7" ci="0" mb="0" cb="0"/><line nr="456" mi="4" ci="0" mb="0" cb="0"/><line nr="457" mi="1" ci="0" mb="0" cb="0"/><line nr="460" mi="4" ci="0" mb="0" cb="0"/><line nr="461" mi="3" ci="0" mb="2" cb="0"/><line nr="462" mi="5" ci="0" mb="0" cb="0"/><line nr="463" mi="1" ci="0" mb="0" cb="0"/><line nr="466" mi="13" ci="0" mb="6" cb="0"/><line nr="468" mi="7" ci="0" mb="0" cb="0"/><line nr="469" mi="4" ci="0" mb="0" cb="0"/><line nr="470" mi="5" ci="0" mb="0" cb="0"/><line nr="473" mi="2" ci="0" mb="2" cb="0"/><line nr="475" mi="3" ci="0" mb="2" cb="0"/><line nr="477" mi="5" ci="0" mb="0" cb="0"/><line nr="478" mi="1" ci="0" mb="0" cb="0"/><line nr="479" mi="7" ci="0" mb="0" cb="0"/><line nr="481" mi="1" ci="0" mb="0" cb="0"/><line nr="482" mi="1" ci="0" mb="0" cb="0"/><line nr="486" mi="6" ci="0" mb="0" cb="0"/><line nr="489" mi="2" ci="0" mb="0" cb="0"/><line nr="490" mi="2" ci="0" mb="0" cb="0"/><line nr="493" mi="3" ci="0" mb="0" cb="0"/><line nr="494" mi="4" ci="0" mb="0" cb="0"/><line nr="495" mi="4" ci="0" mb="0" cb="0"/><line nr="497" mi="5" ci="0" mb="0" cb="0"/><line nr="499" mi="1" ci="0" mb="0" cb="0"/><line nr="502" mi="4" ci="0" mb="0" cb="0"/><line nr="503" mi="3" ci="0" mb="2" cb="0"/><line nr="504" mi="5" ci="0" mb="0" cb="0"/><line nr="505" mi="1" ci="0" mb="0" cb="0"/><line nr="508" mi="13" ci="0" mb="6" cb="0"/><line nr="510" mi="7" ci="0" mb="0" cb="0"/><line nr="511" mi="4" ci="0" mb="0" cb="0"/><line nr="512" mi="1" ci="0" mb="0" cb="0"/><line nr="515" mi="4" ci="0" mb="0" cb="0"/><line nr="516" mi="3" ci="0" mb="2" cb="0"/><line nr="517" mi="5" ci="0" mb="0" cb="0"/><line nr="518" mi="1" ci="0" mb="0" cb="0"/><line nr="521" mi="13" ci="0" mb="6" cb="0"/><line nr="523" mi="7" ci="0" mb="0" cb="0"/><line nr="524" mi="4" ci="0" mb="0" cb="0"/><line nr="525" mi="5" ci="0" mb="0" cb="0"/><line nr="528" mi="2" ci="0" mb="2" cb="0"/><line nr="530" mi="3" ci="0" mb="2" cb="0"/><line nr="532" mi="5" ci="0" mb="0" cb="0"/><line nr="533" mi="1" ci="0" mb="0" cb="0"/><line nr="534" mi="7" ci="0" mb="0" cb="0"/><line nr="536" mi="1" ci="0" mb="0" cb="0"/><line nr="537" mi="1" ci="0" mb="0" cb="0"/><line nr="541" mi="6" ci="0" mb="0" cb="0"/><line nr="544" mi="2" ci="0" mb="0" cb="0"/><line nr="547" mi="3" ci="0" mb="0" cb="0"/><line nr="548" mi="4" ci="0" mb="0" cb="0"/><line nr="549" mi="4" ci="0" mb="0" cb="0"/><line nr="551" mi="5" ci="0" mb="0" cb="0"/><line nr="553" mi="1" ci="0" mb="0" cb="0"/><line nr="557" mi="7" ci="0" mb="0" cb="0"/><line nr="558" mi="6" ci="0" mb="0" cb="0"/><line nr="559" mi="6" ci="0" mb="0" cb="0"/><line nr="560" mi="6" ci="0" mb="0" cb="0"/><line nr="561" mi="11" ci="0" mb="2" cb="0"/><line nr="564" mi="3" ci="0" mb="0" cb="0"/><line nr="565" mi="3" ci="0" mb="0" cb="0"/><line nr="567" mi="43" ci="0" mb="0" cb="0"/><line nr="575" mi="9" ci="0" mb="0" cb="0"/><line nr="578" mi="2" ci="0" mb="2" cb="0"/><line nr="581" mi="4" ci="0" mb="0" cb="0"/><line nr="582" mi="4" ci="0" mb="0" cb="0"/><line nr="583" mi="4" ci="0" mb="0" cb="0"/><line nr="584" mi="4" ci="0" mb="0" cb="0"/><line nr="586" mi="9" ci="0" mb="6" cb="0"/><line nr="587" mi="5" ci="0" mb="0" cb="0"/><line nr="588" mi="1" ci="0" mb="0" cb="0"/><line nr="592" mi="3" ci="0" mb="0" cb="0"/><line nr="593" mi="3" ci="0" mb="0" cb="0"/><line nr="594" mi="3" ci="0" mb="0" cb="0"/><line nr="595" mi="3" ci="0" mb="0" cb="0"/><line nr="598" mi="3" ci="0" mb="2" cb="0"/><line nr="600" mi="4" ci="0" mb="0" cb="0"/><line nr="601" mi="1" ci="0" mb="0" cb="0"/><line nr="602" mi="7" ci="0" mb="0" cb="0"/><line nr="604" mi="1" ci="0" mb="0" cb="0"/><line nr="608" mi="2" ci="0" mb="0" cb="0"/><line nr="610" mi="5" ci="0" mb="0" cb="0"/><line nr="612" mi="1" ci="0" mb="0" cb="0"/><line nr="613" mi="7" ci="0" mb="0" cb="0"/><line nr="615" mi="1" ci="0" mb="0" cb="0"/><line nr="617" mi="1" ci="0" mb="0" cb="0"/><line nr="621" mi="6" ci="0" mb="0" cb="0"/><line nr="624" mi="4" ci="0" mb="0" cb="0"/><line nr="625" mi="3" ci="0" mb="2" cb="0"/><line nr="626" mi="11" ci="0" mb="2" cb="0"/><line nr="627" mi="7" ci="0" mb="2" cb="0"/><line nr="628" mi="10" ci="0" mb="0" cb="0"/><line nr="629" mi="1" ci="0" mb="0" cb="0"/><line nr="631" mi="6" ci="0" mb="0" cb="0"/><line nr="633" mi="19" ci="0" mb="0" cb="0"/><line nr="638" mi="9" ci="0" mb="0" cb="0"/><line nr="641" mi="2" ci="0" mb="2" cb="0"/><line nr="643" mi="4" ci="0" mb="0" cb="0"/><line nr="644" mi="4" ci="0" mb="0" cb="0"/><line nr="646" mi="3" ci="0" mb="2" cb="0"/><line nr="647" mi="5" ci="0" mb="0" cb="0"/><line nr="648" mi="1" ci="0" mb="0" cb="0"/><line nr="652" mi="4" ci="0" mb="0" cb="0"/><line nr="653" mi="3" ci="0" mb="2" cb="0"/><line nr="654" mi="4" ci="0" mb="0" cb="0"/><line nr="655" mi="16" ci="0" mb="2" cb="0"/><line nr="656" mi="5" ci="0" mb="0" cb="0"/><line nr="657" mi="4" ci="0" mb="2" cb="0"/><line nr="659" mi="6" ci="0" mb="0" cb="0"/><line nr="660" mi="6" ci="0" mb="0" cb="0"/><line nr="661" mi="5" ci="0" mb="4" cb="0"/><line nr="662" mi="5" ci="0" mb="0" cb="0"/><line nr="663" mi="1" ci="0" mb="0" cb="0"/><line nr="665" mi="8" ci="0" mb="0" cb="0"/><line nr="666" mi="1" ci="0" mb="0" cb="0"/><line nr="667" mi="6" ci="0" mb="0" cb="0"/><line nr="668" mi="1" ci="0" mb="0" cb="0"/><line nr="669" mi="1" ci="0" mb="0" cb="0"/><line nr="671" mi="6" ci="0" mb="0" cb="0"/><line nr="672" mi="1" ci="0" mb="0" cb="0"/><line nr="678" mi="3" ci="0" mb="0" cb="0"/><line nr="679" mi="7" ci="0" mb="4" cb="0"/><line nr="681" mi="4" ci="0" mb="0" cb="0"/><line nr="682" mi="1" ci="0" mb="0" cb="0"/><line nr="684" mi="1" ci="0" mb="0" cb="0"/><line nr="688" mi="3" ci="0" mb="0" cb="0"/><line nr="689" mi="3" ci="0" mb="0" cb="0"/><line nr="692" mi="3" ci="0" mb="2" cb="0"/><line nr="694" mi="7" ci="0" mb="0" cb="0"/><line nr="695" mi="1" ci="0" mb="0" cb="0"/><line nr="696" mi="7" ci="0" mb="0" cb="0"/><line nr="698" mi="1" ci="0" mb="0" cb="0"/><line nr="702" mi="2" ci="0" mb="0" cb="0"/><line nr="704" mi="5" ci="0" mb="0" cb="0"/><line nr="706" mi="1" ci="0" mb="0" cb="0"/><line nr="707" mi="7" ci="0" mb="0" cb="0"/><line nr="709" mi="1" ci="0" mb="0" cb="0"/><line nr="711" mi="1" ci="0" mb="0" cb="0"/><line nr="715" mi="4" ci="0" mb="0" cb="0"/><line nr="716" mi="7" ci="0" mb="0" cb="0"/><line nr="717" mi="4" ci="0" mb="0" cb="0"/><line nr="718" mi="3" ci="0" mb="2" cb="0"/><line nr="720" mi="4" ci="0" mb="0" cb="0"/><line nr="723" mi="4" ci="0" mb="2" cb="0"/><line nr="724" mi="3" ci="0" mb="0" cb="0"/><line nr="726" mi="4" ci="0" mb="2" cb="0"/><line nr="727" mi="5" ci="0" mb="0" cb="0"/><line nr="728" mi="3" ci="0" mb="0" cb="0"/><line nr="732" mi="4" ci="0" mb="2" cb="0"/><line nr="733" mi="5" ci="0" mb="0" cb="0"/><line nr="736" mi="1" ci="0" mb="0" cb="0"/><line nr="739" mi="5" ci="0" mb="0" cb="0"/><line nr="740" mi="5" ci="0" mb="0" cb="0"/><line nr="742" mi="2" ci="0" mb="0" cb="0"/><line nr="745" mi="3" ci="0" mb="2" cb="0"/><line nr="746" mi="11" ci="0" mb="2" cb="0"/><line nr="748" mi="7" ci="0" mb="0" cb="0"/><line nr="749" mi="1" ci="0" mb="0" cb="0"/><line nr="750" mi="7" ci="0" mb="0" cb="0"/><line nr="752" mi="1" ci="0" mb="0" cb="0"/><line nr="753" mi="1" ci="0" mb="0" cb="0"/><line nr="757" mi="6" ci="0" mb="0" cb="0"/><line nr="761" mi="2" ci="0" mb="2" cb="0"/><line nr="762" mi="3" ci="0" mb="0" cb="0"/><line nr="765" mi="5" ci="0" mb="2" cb="0"/><line nr="766" mi="9" ci="0" mb="4" cb="0"/><line nr="767" mi="5" ci="0" mb="0" cb="0"/><line nr="770" mi="1" ci="0" mb="0" cb="0"/><line nr="773" mi="3" ci="0" mb="0" cb="0"/><line nr="776" mi="4" ci="0" mb="0" cb="0"/><line nr="777" mi="19" ci="0" mb="2" cb="0"/><line nr="779" mi="2" ci="0" mb="0" cb="0"/><line nr="780" mi="2" ci="0" mb="0" cb="0"/><line nr="782" mi="4" ci="0" mb="2" cb="0"/><line nr="783" mi="5" ci="0" mb="0" cb="0"/><line nr="784" mi="3" ci="0" mb="0" cb="0"/><line nr="788" mi="4" ci="0" mb="0" cb="0"/><line nr="789" mi="5" ci="0" mb="0" cb="0"/><line nr="791" mi="2" ci="0" mb="0" cb="0"/><line nr="794" mi="3" ci="0" mb="2" cb="0"/><line nr="795" mi="10" ci="0" mb="2" cb="0"/><line nr="797" mi="7" ci="0" mb="0" cb="0"/><line nr="798" mi="1" ci="0" mb="0" cb="0"/><line nr="799" mi="7" ci="0" mb="0" cb="0"/><line nr="801" mi="1" ci="0" mb="0" cb="0"/><line nr="802" mi="1" ci="0" mb="0" cb="0"/><line nr="806" mi="1" ci="0" mb="0" cb="0"/><line nr="807" mi="3" ci="0" mb="0" cb="0"/><line nr="808" mi="4" ci="0" mb="0" cb="0"/><line nr="810" mi="2" ci="0" mb="0" cb="0"/><line nr="811" mi="1" ci="0" mb="0" cb="0"/><line nr="812" mi="1" ci="0" mb="0" cb="0"/><line nr="816" mi="4" ci="0" mb="0" cb="0"/><line nr="817" mi="4" ci="0" mb="0" cb="0"/><line nr="818" mi="5" ci="0" mb="4" cb="0"/><line nr="819" mi="5" ci="0" mb="0" cb="0"/><line nr="820" mi="1" ci="0" mb="0" cb="0"/><line nr="823" mi="27" ci="0" mb="0" cb="0"/><line nr="824" mi="6" ci="0" mb="0" cb="0"/><line nr="826" mi="8" ci="0" mb="2" cb="0"/><line nr="827" mi="5" ci="0" mb="0" cb="0"/><line nr="828" mi="8" ci="0" mb="0" cb="0"/><line nr="829" mi="7" ci="0" mb="0" cb="0"/><line nr="830" mi="7" ci="0" mb="0" cb="0"/><line nr="831" mi="7" ci="0" mb="0" cb="0"/><line nr="832" mi="7" ci="0" mb="0" cb="0"/><line nr="833" mi="9" ci="0" mb="0" cb="0"/><line nr="836" mi="6" ci="0" mb="0" cb="0"/><line nr="837" mi="7" ci="0" mb="0" cb="0"/><line nr="838" mi="5" ci="0" mb="0" cb="0"/><line nr="839" mi="5" ci="0" mb="0" cb="0"/><line nr="840" mi="1" ci="0" mb="0" cb="0"/><line nr="843" mi="4" ci="0" mb="0" cb="0"/><line nr="844" mi="2" ci="0" mb="2" cb="0"/><line nr="845" mi="10" ci="0" mb="2" cb="0"/><line nr="846" mi="3" ci="0" mb="2" cb="0"/><line nr="847" mi="11" ci="0" mb="2" cb="0"/><line nr="848" mi="5" ci="0" mb="2" cb="0"/><line nr="849" mi="8" ci="0" mb="2" cb="0"/><line nr="850" mi="7" ci="0" mb="0" cb="0"/><line nr="852" mi="1" ci="0" mb="0" cb="0"/><line nr="854" mi="1" ci="0" mb="0" cb="0"/><line nr="856" mi="4" ci="0" mb="0" cb="0"/><line nr="861" mi="4" ci="0" mb="0" cb="0"/><line nr="862" mi="3" ci="0" mb="2" cb="0"/><line nr="864" mi="23" ci="0" mb="0" cb="0"/><line nr="865" mi="6" ci="0" mb="0" cb="0"/><line nr="867" mi="8" ci="0" mb="2" cb="0"/><line nr="868" mi="5" ci="0" mb="0" cb="0"/><line nr="869" mi="8" ci="0" mb="0" cb="0"/><line nr="870" mi="7" ci="0" mb="0" cb="0"/><line nr="871" mi="7" ci="0" mb="0" cb="0"/><line nr="872" mi="7" ci="0" mb="0" cb="0"/><line nr="873" mi="12" ci="0" mb="2" cb="0"/><line nr="876" mi="17" ci="0" mb="0" cb="0"/><line nr="879" mi="2" ci="0" mb="0" cb="0"/><line nr="882" mi="1" ci="0" mb="0" cb="0"/><line nr="885" mi="4" ci="0" mb="0" cb="0"/><line nr="886" mi="3" ci="0" mb="2" cb="0"/><line nr="888" mi="11" ci="0" mb="0" cb="0"/><line nr="889" mi="6" ci="0" mb="0" cb="0"/><line nr="891" mi="8" ci="0" mb="2" cb="0"/><line nr="892" mi="5" ci="0" mb="0" cb="0"/><line nr="893" mi="7" ci="0" mb="0" cb="0"/><line nr="894" mi="14" ci="0" mb="2" cb="0"/><line nr="897" mi="17" ci="0" mb="0" cb="0"/><line nr="900" mi="2" ci="0" mb="0" cb="0"/><line nr="903" mi="1" ci="0" mb="0" cb="0"/><line nr="906" mi="7" ci="0" mb="4" cb="0"/><line nr="908" mi="4" ci="0" mb="0" cb="0"/><line nr="909" mi="10" ci="0" mb="2" cb="0"/><line nr="910" mi="7" ci="0" mb="2" cb="0"/><line nr="911" mi="14" ci="0" mb="0" cb="0"/><line nr="912" mi="1" ci="0" mb="0" cb="0"/><line nr="913" mi="3" ci="0" mb="0" cb="0"/><line nr="919" mi="7" ci="0" mb="0" cb="0"/><line nr="920" mi="7" ci="0" mb="4" cb="0"/><line nr="921" mi="5" ci="0" mb="0" cb="0"/><line nr="922" mi="5" ci="0" mb="0" cb="0"/><line nr="923" mi="2" ci="0" mb="0" cb="0"/><line nr="924" mi="2" ci="0" mb="0" cb="0"/><line nr="925" mi="6" ci="0" mb="0" cb="0"/><line nr="927" mi="5" ci="0" mb="0" cb="0"/><line nr="931" mi="1" ci="0" mb="0" cb="0"/><line nr="932" mi="4" ci="0" mb="0" cb="0"/><line nr="933" mi="4" ci="0" mb="0" cb="0"/><line nr="936" mi="1" ci="0" mb="0" cb="0"/><line nr="937" mi="1" ci="0" mb="0" cb="0"/><counter type="INSTRUCTION" missed="2673" covered="0"/><counter type="BRANCH" missed="212" covered="0"/><counter type="LINE" missed="537" covered="0"/><counter type="COMPLEXITY" missed="152" covered="0"/><counter type="METHOD" missed="46" covered="0"/><counter type="CLASS" missed="5" covered="0"/></sourcefile><counter type="INSTRUCTION" missed="3946" covered="0"/><counter type="BRANCH" missed="274" covered="0"/><counter type="LINE" missed="774" covered="0"/><counter type="COMPLEXITY" missed="209" covered="0"/><counter type="METHOD" missed="72" covered="0"/><counter type="CLASS" missed="11" covered="0"/></package><package name="controller"><class name="controller/ProjectController" sourcefilename="ProjectController.java"><method name="&lt;init&gt;" desc="(Lmodel/storage/ProjectStorage;)V" line="8"><counter type="INSTRUCTION" missed="11" covered="0"/><counter type="LINE" missed="4" covered="0"/><counter type="COMPLEXITY" missed="1" covered="0"/><counter type="METHOD" missed="1" covered="0"/></method><method name="saveProject" desc="(Lmodel/Project;Ljava/lang/String;)V" line="17"><counter type="INSTRUCTION" missed="16" covered="0"/><counter type="BRANCH" missed="2" covered="0"/><counter type="LINE" missed="3" covered="0"/><counter type="COMPLEXITY" missed="2" covered="0"/><counter type="METHOD" missed="1" covered="0"/></method><method name="addProjectToHistory" desc="(Lmodel/Project;)V" line="22"><counter type="INSTRUCTION" missed="11" covered="0"/><counter type="BRANCH" missed="2" covered="0"/><counter type="LINE" missed="2" covered="0"/><counter type="COMPLEXITY" missed="2" covered="0"/><counter type="METHOD" missed="1" covered="0"/></method><method name="setCurrentProject" desc="(Lmodel/Project;)V" line="26"><counter type="INSTRUCTION" missed="4" covered="0"/><counter type="LINE" missed="2" covered="0"/><counter type="COMPLEXITY" missed="1" covered="0"/><counter type="METHOD" missed="1" covered="0"/></method><method name="getCurrentProject" desc="()Lmodel/Project;" line="30"><counter type="INSTRUCTION" missed="3" covered="0"/><counter type="LINE" missed="1" covered="0"/><counter type="COMPLEXITY" missed="1" covered="0"/><counter type="METHOD" missed="1" covered="0"/></method><method name="getHistory" desc="()Ljava/util/ArrayList;" line="34"><counter type="INSTRUCTION" missed="3" covered="0"/><counter type="LINE" missed="1" covered="0"/><counter type="COMPLEXITY" missed="1" covered="0"/><counter type="METHOD" missed="1" covered="0"/></method><counter type="INSTRUCTION" missed="48" covered="0"/><counter type="BRANCH" missed="4" covered="0"/><counter type="LINE" missed="13" covered="0"/><counter type="COMPLEXITY" missed="8" covered="0"/><counter type="METHOD" missed="6" covered="0"/><counter type="CLASS" missed="1" covered="0"/></class><class name="controller/AnalysisController" sourcefilename="AnalysisController.java"><method name="&lt;init&gt;" desc="()V" line="6"><counter type="INSTRUCTION" missed="3" covered="0"/><counter type="LINE" missed="1" covered="0"/><counter type="COMPLEXITY" missed="1" covered="0"/><counter type="METHOD" missed="1" covered="0"/></method><method name="getProjectCompletionDate" desc="(Ljava/util/List;)Ljava/lang/String;" line="9"><counter type="INSTRUCTION" missed="34" covered="0"/><counter type="BRANCH" missed="8" covered="0"/><counter type="LINE" missed="6" covered="0"/><counter type="COMPLEXITY" missed="5" covered="0"/><counter type="METHOD" missed="1" covered="0"/></method><method name="getOverlappingTasks" desc="(Ljava/util/List;)Ljava/util/List;" line="18"><counter type="INSTRUCTION" missed="50" covered="0"/><counter type="BRANCH" missed="8" covered="0"/><counter type="LINE" missed="9" covered="0"/><counter type="COMPLEXITY" missed="5" covered="0"/><counter type="METHOD" missed="1" covered="0"/></method><method name="getTeamForTask" desc="(ILjava/util/List;)Ljava/util/List;" line="34"><counter type="INSTRUCTION" missed="43" covered="0"/><counter type="BRANCH" missed="8" covered="0"/><counter type="LINE" missed="10" covered="0"/><counter type="COMPLEXITY" missed="5" covered="0"/><counter type="METHOD" missed="1" covered="0"/></method><method name="getEffortHoursPerResource" desc="(Ljava/util/List;Ljava/util/List;)Ljava/util/Map;" line="49"><counter type="INSTRUCTION" missed="35" covered="0"/><counter type="BRANCH" missed="4" covered="0"/><counter type="LINE" missed="7" covered="0"/><counter type="COMPLEXITY" missed="3" covered="0"/><counter type="METHOD" missed="1" covered="0"/></method><counter type="INSTRUCTION" missed="165" covered="0"/><counter type="BRANCH" missed="28" covered="0"/><counter type="LINE" missed="33" covered="0"/><counter type="COMPLEXITY" missed="19" covered="0"/><counter type="METHOD" missed="5" covered="0"/><counter type="CLASS" missed="1" covered="0"/></class><class name="controller/FileController$ValidationResult" sourcefilename="FileController.java"><method name="&lt;init&gt;" desc="()V" line="140"><counter type="INSTRUCTION" missed="18" covered="0"/><counter type="LINE" missed="4" covered="0"/><counter type="COMPLEXITY" missed="1" covered="0"/><counter type="METHOD" missed="1" covered="0"/></method><counter type="INSTRUCTION" missed="18" covered="0"/><counter type="LINE" missed="4" covered="0"/><counter type="COMPLEXITY" missed="1" covered="0"/><counter type="METHOD" missed="1" covered="0"/><counter type="CLASS" missed="1" covered="0"/></class><class name="controller/FileController$ParseResult" sourcefilename="FileController.java"><method name="&lt;init&gt;" desc="()V" line="8"><counter type="INSTRUCTION" missed="13" covered="0"/><counter type="LINE" missed="3" covered="0"/><counter type="COMPLEXITY" missed="1" covered="0"/><counter type="METHOD" missed="1" covered="0"/></method><counter type="INSTRUCTION" missed="13" covered="0"/><counter type="LINE" missed="3" covered="0"/><counter type="COMPLEXITY" missed="1" covered="0"/><counter type="METHOD" missed="1" covered="0"/><counter type="CLASS" missed="1" covered="0"/></class><class name="controller/FileController" sourcefilename="FileController.java"><method name="&lt;init&gt;" desc="()V" line="7"><counter type="INSTRUCTION" missed="3" covered="0"/><counter type="LINE" missed="1" covered="0"/><counter type="COMPLEXITY" missed="1" covered="0"/><counter type="METHOD" missed="1" covered="0"/></method><method name="loadTasksWithErrors" desc="(Ljava/lang/String;)Lcontroller/FileController$ParseResult;" line="15"><counter type="INSTRUCTION" missed="152" covered="0"/><counter type="BRANCH" missed="14" covered="0"/><counter type="LINE" missed="33" covered="0"/><counter type="COMPLEXITY" missed="8" covered="0"/><counter type="METHOD" missed="1" covered="0"/></method><method name="loadTasks" desc="(Ljava/lang/String;)Ljava/util/List;" line="56"><counter type="INSTRUCTION" missed="29" covered="0"/><counter type="BRANCH" missed="4" covered="0"/><counter type="LINE" missed="5" covered="0"/><counter type="COMPLEXITY" missed="3" covered="0"/><counter type="METHOD" missed="1" covered="0"/></method><method name="parseCsvLine" desc="(Ljava/lang/String;)Ljava/util/List;" line="66"><counter type="INSTRUCTION" missed="85" covered="0"/><counter type="BRANCH" missed="20" covered="0"/><counter type="LINE" missed="16" covered="0"/><counter type="COMPLEXITY" missed="11" covered="0"/><counter type="METHOD" missed="1" covered="0"/></method><method name="loadResources" desc="(Ljava/lang/String;)Ljava/util/List;" line="92"><counter type="INSTRUCTION" missed="150" covered="0"/><counter type="BRANCH" missed="20" covered="0"/><counter type="LINE" missed="31" covered="0"/><counter type="COMPLEXITY" missed="11" covered="0"/><counter type="METHOD" missed="1" covered="0"/></method><method name="parseToMillis" desc="(Ljava/lang/String;)J" line="148"><counter type="INSTRUCTION" missed="141" covered="0"/><counter type="BRANCH" missed="12" covered="0"/><counter type="LINE" missed="31" covered="0"/><counter type="COMPLEXITY" missed="7" covered="0"/><counter type="METHOD" missed="1" covered="0"/></method><method name="validateTasks" desc="(Ljava/util/List;)Lcontroller/FileController$ValidationResult;" line="193"><counter type="INSTRUCTION" missed="196" covered="0"/><counter type="BRANCH" missed="32" covered="0"/><counter type="LINE" missed="30" covered="0"/><counter type="COMPLEXITY" missed="17" covered="0"/><counter type="METHOD" missed="1" covered="0"/></method><method name="validateResources" desc="(Ljava/util/List;Ljava/util/Set;)Lcontroller/FileController$ValidationResult;" line="235"><counter type="INSTRUCTION" missed="92" covered="0"/><counter type="BRANCH" missed="20" covered="0"/><counter type="LINE" missed="17" covered="0"/><counter type="COMPLEXITY" missed="11" covered="0"/><counter type="METHOD" missed="1" covered="0"/></method><counter type="INSTRUCTION" missed="848" covered="0"/><counter type="BRANCH" missed="122" covered="0"/><counter type="LINE" missed="164" covered="0"/><counter type="COMPLEXITY" missed="69" covered="0"/><counter type="METHOD" missed="8" covered="0"/><counter type="CLASS" missed="1" covered="0"/></class><sourcefile name="FileController.java"><line nr="7" mi="3" ci="0" mb="0" cb="0"/><line nr="8" mi="2" ci="0" mb="0" cb="0"/><line nr="9" mi="5" ci="0" mb="0" cb="0"/><line nr="10" mi="6" ci="0" mb="0" cb="0"/><line nr="15" mi="4" ci="0" mb="0" cb="0"/><line nr="16" mi="8" ci="0" mb="0" cb="0"/><line nr="18" mi="2" ci="0" mb="0" cb="0"/><line nr="19" mi="5" ci="0" mb="2" cb="0"/><line nr="20" mi="1" ci="0" mb="0" cb="0"/><line nr="21" mi="3" ci="0" mb="0" cb="0"/><line nr="22" mi="4" ci="0" mb="2" cb="0"/><line nr="23" mi="6" ci="0" mb="2" cb="0"/><line nr="24" mi="3" ci="0" mb="0" cb="0"/><line nr="25" mi="4" ci="0" mb="2" cb="0"/><line nr="26" mi="6" ci="0" mb="0" cb="0"/><line nr="27" mi="1" ci="0" mb="0" cb="0"/><line nr="30" mi="7" ci="0" mb="0" cb="0"/><line nr="31" mi="6" ci="0" mb="0" cb="0"/><line nr="32" mi="6" ci="0" mb="0" cb="0"/><line nr="33" mi="6" ci="0" mb="0" cb="0"/><line nr="34" mi="4" ci="0" mb="0" cb="0"/><line nr="35" mi="8" ci="0" mb="2" cb="0"/><line nr="36" mi="6" ci="0" mb="0" cb="0"/><line nr="37" mi="3" ci="0" mb="2" cb="0"/><line nr="38" mi="7" ci="0" mb="2" cb="0"/><line nr="39" mi="4" ci="0" mb="0" cb="0"/><line nr="42" mi="13" ci="0" mb="0" cb="0"/><line nr="43" mi="1" ci="0" mb="0" cb="0"/><line nr="44" mi="11" ci="0" mb="0" cb="0"/><line nr="45" mi="1" ci="0" mb="0" cb="0"/><line nr="46" mi="8" ci="0" mb="0" cb="0"/><line nr="47" mi="2" ci="0" mb="0" cb="0"/><line nr="48" mi="1" ci="0" mb="0" cb="0"/><line nr="49" mi="1" ci="0" mb="0" cb="0"/><line nr="50" mi="7" ci="0" mb="0" cb="0"/><line nr="51" mi="1" ci="0" mb="0" cb="0"/><line nr="52" mi="2" ci="0" mb="0" cb="0"/><line nr="56" mi="3" ci="0" mb="0" cb="0"/><line nr="57" mi="4" ci="0" mb="2" cb="0"/><line nr="58" mi="3" ci="0" mb="0" cb="0"/><line nr="59" mi="16" ci="0" mb="2" cb="0"/><line nr="61" mi="3" ci="0" mb="0" cb="0"/><line nr="66" mi="4" ci="0" mb="0" cb="0"/><line nr="67" mi="7" ci="0" mb="4" cb="0"/><line nr="68" mi="4" ci="0" mb="0" cb="0"/><line nr="69" mi="2" ci="0" mb="0" cb="0"/><line nr="70" mi="8" ci="0" mb="2" cb="0"/><line nr="71" mi="4" ci="0" mb="0" cb="0"/><line nr="72" mi="3" ci="0" mb="2" cb="0"/><line nr="74" mi="15" ci="0" mb="6" cb="0"/><line nr="75" mi="4" ci="0" mb="0" cb="0"/><line nr="76" mi="2" ci="0" mb="0" cb="0"/><line nr="78" mi="7" ci="0" mb="2" cb="0"/><line nr="80" mi="5" ci="0" mb="4" cb="0"/><line nr="81" mi="9" ci="0" mb="0" cb="0"/><line nr="83" mi="4" ci="0" mb="0" cb="0"/><line nr="86" mi="5" ci="0" mb="0" cb="0"/><line nr="87" mi="2" ci="0" mb="0" cb="0"/><line nr="92" mi="4" ci="0" mb="0" cb="0"/><line nr="94" mi="8" ci="0" mb="0" cb="0"/><line nr="97" mi="5" ci="0" mb="2" cb="0"/><line nr="98" mi="3" ci="0" mb="0" cb="0"/><line nr="99" mi="4" ci="0" mb="2" cb="0"/><line nr="101" mi="13" ci="0" mb="6" cb="0"/><line nr="104" mi="5" ci="0" mb="0" cb="0"/><line nr="105" mi="5" ci="0" mb="0" cb="0"/><line nr="106" mi="11" ci="0" mb="2" cb="0"/><line nr="107" mi="4" ci="0" mb="0" cb="0"/><line nr="108" mi="3" ci="0" mb="2" cb="0"/><line nr="109" mi="4" ci="0" mb="0" cb="0"/><line nr="110" mi="16" ci="0" mb="2" cb="0"/><line nr="111" mi="3" ci="0" mb="0" cb="0"/><line nr="112" mi="3" ci="0" mb="2" cb="0"/><line nr="113" mi="4" ci="0" mb="0" cb="0"/><line nr="114" mi="4" ci="0" mb="2" cb="0"/><line nr="116" mi="6" ci="0" mb="0" cb="0"/><line nr="117" mi="6" ci="0" mb="0" cb="0"/><line nr="118" mi="8" ci="0" mb="0" cb="0"/><line nr="119" mi="1" ci="0" mb="0" cb="0"/><line nr="120" mi="4" ci="0" mb="0" cb="0"/><line nr="121" mi="2" ci="0" mb="0" cb="0"/><line nr="123" mi="4" ci="0" mb="0" cb="0"/><line nr="128" mi="8" ci="0" mb="0" cb="0"/><line nr="129" mi="1" ci="0" mb="0" cb="0"/><line nr="131" mi="1" ci="0" mb="0" cb="0"/><line nr="132" mi="5" ci="0" mb="0" cb="0"/><line nr="133" mi="2" ci="0" mb="0" cb="0"/><line nr="134" mi="1" ci="0" mb="0" cb="0"/><line nr="136" mi="2" ci="0" mb="0" cb="0"/><line nr="140" mi="2" ci="0" mb="0" cb="0"/><line nr="141" mi="5" ci="0" mb="0" cb="0"/><line nr="142" mi="5" ci="0" mb="0" cb="0"/><line nr="143" mi="6" ci="0" mb="0" cb="0"/><line nr="148" mi="4" ci="0" mb="2" cb="0"/><line nr="149" mi="3" ci="0" mb="0" cb="0"/><line nr="151" mi="3" ci="0" mb="0" cb="0"/><line nr="152" mi="2" ci="0" mb="0" cb="0"/><line nr="153" mi="3" ci="0" mb="2" cb="0"/><line nr="154" mi="4" ci="0" mb="0" cb="0"/><line nr="155" mi="4" ci="0" mb="0" cb="0"/><line nr="156" mi="4" ci="0" mb="0" cb="0"/><line nr="157" mi="5" ci="0" mb="0" cb="0"/><line nr="159" mi="2" ci="0" mb="2" cb="0"/><line nr="160" mi="6" ci="0" mb="0" cb="0"/><line nr="161" mi="6" ci="0" mb="0" cb="0"/><line nr="162" mi="5" ci="0" mb="0" cb="0"/><line nr="163" mi="1" ci="0" mb="0" cb="0"/><line nr="164" mi="3" ci="0" mb="0" cb="0"/><line nr="166" mi="2" ci="0" mb="2" cb="0"/><line nr="167" mi="3" ci="0" mb="0" cb="0"/><line nr="168" mi="4" ci="0" mb="0" cb="0"/><line nr="169" mi="4" ci="0" mb="0" cb="0"/><line nr="171" mi="6" ci="0" mb="0" cb="0"/><line nr="174" mi="2" ci="0" mb="0" cb="0"/><line nr="175" mi="19" ci="0" mb="0" cb="0"/><line nr="176" mi="16" ci="0" mb="2" cb="0"/><line nr="178" mi="3" ci="0" mb="0" cb="0"/><line nr="179" mi="4" ci="0" mb="2" cb="0"/><line nr="180" mi="4" ci="0" mb="0" cb="0"/><line nr="181" mi="6" ci="0" mb="0" cb="0"/><line nr="183" mi="4" ci="0" mb="0" cb="0"/><line nr="184" mi="6" ci="0" mb="0" cb="0"/><line nr="186" mi="1" ci="0" mb="0" cb="0"/><line nr="188" mi="2" ci="0" mb="0" cb="0"/><line nr="193" mi="4" ci="0" mb="0" cb="0"/><line nr="194" mi="4" ci="0" mb="2" cb="0"/><line nr="196" mi="4" ci="0" mb="0" cb="0"/><line nr="197" mi="17" ci="0" mb="2" cb="0"/><line nr="199" mi="10" ci="0" mb="2" cb="0"/><line nr="200" mi="3" ci="0" mb="0" cb="0"/><line nr="201" mi="2" ci="0" mb="0" cb="0"/><line nr="202" mi="8" ci="0" mb="4" cb="0"/><line nr="203" mi="6" ci="0" mb="0" cb="0"/><line nr="205" mi="4" ci="0" mb="0" cb="0"/><line nr="206" mi="4" ci="0" mb="0" cb="0"/><line nr="207" mi="14" ci="0" mb="2" cb="0"/><line nr="208" mi="14" ci="0" mb="2" cb="0"/><line nr="209" mi="20" ci="0" mb="6" cb="0"/><line nr="211" mi="3" ci="0" mb="0" cb="0"/><line nr="212" mi="6" ci="0" mb="4" cb="0"/><line nr="213" mi="4" ci="0" mb="0" cb="0"/><line nr="214" mi="16" ci="0" mb="2" cb="0"/><line nr="215" mi="3" ci="0" mb="0" cb="0"/><line nr="216" mi="4" ci="0" mb="2" cb="0"/><line nr="218" mi="3" ci="0" mb="0" cb="0"/><line nr="219" mi="5" ci="0" mb="2" cb="0"/><line nr="220" mi="7" ci="0" mb="0" cb="0"/><line nr="221" mi="2" ci="0" mb="0" cb="0"/><line nr="223" mi="1" ci="0" mb="0" cb="0"/><line nr="224" mi="9" ci="0" mb="0" cb="0"/><line nr="225" mi="1" ci="0" mb="0" cb="0"/><line nr="228" mi="15" ci="0" mb="2" cb="0"/><line nr="229" mi="1" ci="0" mb="0" cb="0"/><line nr="230" mi="2" ci="0" mb="0" cb="0"/><line nr="235" mi="4" ci="0" mb="0" cb="0"/><line nr="236" mi="4" ci="0" mb="2" cb="0"/><line nr="237" mi="2" ci="0" mb="0" cb="0"/><line nr="238" mi="10" ci="0" mb="2" cb="0"/><line nr="239" mi="1" ci="0" mb="0" cb="0"/><line nr="240" mi="8" ci="0" mb="4" cb="0"/><line nr="241" mi="6" ci="0" mb="0" cb="0"/><line nr="243" mi="11" ci="0" mb="2" cb="0"/><line nr="244" mi="3" ci="0" mb="0" cb="0"/><line nr="245" mi="3" ci="0" mb="0" cb="0"/><line nr="246" mi="5" ci="0" mb="2" cb="0"/><line nr="247" mi="13" ci="0" mb="2" cb="0"/><line nr="249" mi="5" ci="0" mb="4" cb="0"/><line nr="250" mi="13" ci="0" mb="2" cb="0"/><line nr="252" mi="1" ci="0" mb="0" cb="0"/><line nr="253" mi="1" ci="0" mb="0" cb="0"/><line nr="254" mi="2" ci="0" mb="0" cb="0"/><counter type="INSTRUCTION" missed="879" covered="0"/><counter type="BRANCH" missed="122" covered="0"/><counter type="LINE" missed="171" covered="0"/><counter type="COMPLEXITY" missed="71" covered="0"/><counter type="METHOD" missed="10" covered="0"/><counter type="CLASS" missed="3" covered="0"/></sourcefile><sourcefile name="AnalysisController.java"><line nr="6" mi="3" ci="0" mb="0" cb="0"/><line nr="9" mi="7" ci="0" mb="4" cb="0"/><line nr="10" mi="5" ci="
[...]
1" covered="0"/></method><method name="areTasksOverlapping" desc="(II)Z" line="136"><counter type="INSTRUCTION" missed="18" covered="0"/><counter type="BRANCH" missed="4" covered="0"/><counter type="LINE" missed="5" covered="0"/><counter type="COMPLEXITY" missed="3" covered="0"/><counter type="METHOD" missed="1" covered="0"/></method><method name="findTaskById" desc="(I)Lmodel/Task;" line="147"><counter type="INSTRUCTION" missed="23" covered="0"/><counter type="BRANCH" missed="6" covered="0"/><counter type="LINE" missed="6" covered="0"/><counter type="COMPLEXITY" missed="4" covered="0"/><counter type="METHOD" missed="1" covered="0"/></method><method name="findOverlapsForTask" desc="(I)Ljava/util/List;" line="163"><counter type="INSTRUCTION" missed="65" covered="0"/><counter type="BRANCH" missed="10" covered="0"/><counter type="LINE" missed="10" covered="0"/><counter type="COMPLEXITY" missed="6" covered="0"/><counter type="METHOD" missed="1" covered="0"/></method><method name="getProjectStartDate" desc="()Ljava/lang/String;" line="185"><counter type="INSTRUCTION" missed="38" covered="0"/><counter type="BRANCH" missed="8" covered="0"/><counter type="LINE" missed="9" covered="0"/><counter type="COMPLEXITY" missed="5" covered="0"/><counter type="METHOD" missed="1" covered="0"/></method><method name="calculateProjectDuration" desc="()I" line="207"><counter type="INSTRUCTION" missed="28" covered="0"/><counter type="BRANCH" missed="4" covered="0"/><counter type="LINE" missed="7" covered="0"/><counter type="COMPLEXITY" missed="3" covered="0"/><counter type="METHOD" missed="1" covered="0"/></method><counter type="INSTRUCTION" missed="312" covered="149"/><counter type="BRANCH" missed="58" covered="14"/><counter type="LINE" missed="65" covered="29"/><counter type="COMPLEXITY" missed="45" covered="11"/><counter type="METHOD" missed="14" covered="6"/><counter type="CLASS" missed="0" covered="1"/></class><class name="model/Task" sourcefilename="Task.java"><method name="&lt;init&gt;" desc="(ILjava/lang/String;Ljava/lang/String;Ljava/lang/String;Ljava/lang/String;)V" line="11"><counter type="INSTRUCTION" missed="0" covered="21"/><counter type="LINE" missed="0" covered="8"/><counter type="COMPLEXITY" missed="0" covered="1"/><counter type="METHOD" missed="0" covered="1"/></method><method name="getId" desc="()I" line="21"><counter type="INSTRUCTION" missed="3" covered="0"/><counter type="LINE" missed="1" covered="0"/><counter type="COMPLEXITY" missed="1" covered="0"/><counter type="METHOD" missed="1" covered="0"/></method><method name="getTitle" desc="()Ljava/lang/String;" line="22"><counter type="INSTRUCTION" missed="0" covered="3"/><counter type="LINE" missed="0" covered="1"/><counter type="COMPLEXITY" missed="0" covered="1"/><counter type="METHOD" missed="0" covered="1"/></method><method name="getStart" desc="()Ljava/lang/String;" line="23"><counter type="INSTRUCTION" missed="0" covered="3"/><counter type="LINE" missed="0" covered="1"/><counter type="COMPLEXITY" missed="0" covered="1"/><counter type="METHOD" missed="0" covered="1"/></method><method name="getEnd" desc="()Ljava/lang/String;" line="24"><counter type="INSTRUCTION" missed="0" covered="3"/><counter type="LINE" missed="0" covered="1"/><counter type="COMPLEXITY" missed="0" covered="1"/><counter type="METHOD" missed="0" covered="1"/></method><method name="getDependencies" desc="()Ljava/lang/String;" line="25"><counter type="INSTRUCTION" missed="3" covered="0"/><counter type="LINE" missed="1" covered="0"/><counter type="COMPLEXITY" missed="1" covered="0"/><counter type="METHOD" missed="1" covered="0"/></method><method name="getTeam" desc="()Ljava/lang/String;" line="26"><counter type="INSTRUCTION" missed="3" covered="0"/><counter type="LINE" missed="1" covered="0"/><counter type="COMPLEXITY" missed="1" covered="0"/><counter type="METHOD" missed="1" covered="0"/></method><method name="setId" desc="(I)V" line="29"><counter type="INSTRUCTION" missed="4" covered="0"/><counter type="LINE" missed="1" covered="0"/><counter type="COMPLEXITY" missed="1" covered="0"/><counter type="METHOD" missed="1" covered="0"/></method><method name="setTitle" desc="(Ljava/lang/String;)V" line="30"><counter type="INSTRUCTION" missed="4" covered="0"/><counter type="LINE" missed="1" covered="0"/><counter type="COMPLEXITY" missed="1" covered="0"/><counter type="METHOD" missed="1" covered="0"/></method><method name="setStart" desc="(Ljava/lang/String;)V" line="31"><counter type="INSTRUCTION" missed="4" covered="0"/><counter type="LINE" missed="1" covered="0"/><counter type="COMPLEXITY" missed="1" covered="0"/><counter type="METHOD" missed="1" covered="0"/></method><method name="setEnd" desc="(Ljava/lang/String;)V" line="32"><counter type="INSTRUCTION" missed="4" covered="0"/><counter type="LINE" missed="1" covered="0"/><counter type="COMPLEXITY" missed="1" covered="0"/><counter type="METHOD" missed="1" covered="0"/></method><method name="setDependencies" desc="(Ljava/lang/String;)V" line="33"><counter type="INSTRUCTION" missed="4" covered="0"/><counter type="LINE" missed="1" covered="0"/><counter type="COMPLEXITY" missed="1" covered="0"/><counter type="METHOD" missed="1" covered="0"/></method><method name="setTeam" desc="(Ljava/lang/String;)V" line="34"><counter type="INSTRUCTION" missed="4" covered="0"/><counter type="LINE" missed="1" covered="0"/><counter type="COMPLEXITY" missed="1" covered="0"/><counter type="METHOD" missed="1" covered="0"/></method><method name="overlapsWith" desc="(Lmodel/Task;)Z" line="37"><counter type="INSTRUCTION" missed="0" covered="16"/><counter type="BRANCH" missed="1" covered="3"/><counter type="LINE" missed="0" covered="2"/><counter type="COMPLEXITY" missed="1" covered="2"/><counter type="METHOD" missed="0" covered="1"/></method><counter type="INSTRUCTION" missed="33" covered="46"/><counter type="BRANCH" missed="1" covered="3"/><counter type="LINE" missed="9" covered="13"/><counter type="COMPLEXITY" missed="10" covered="6"/><counter type="METHOD" missed="9" covered="5"/><counter type="CLASS" missed="0" covered="1"/></class><class name="model/Resource" sourcefilename="Resource.java"><method name="&lt;init&gt;" desc="(Ljava/lang/String;Ljava/util/List;)V" line="9"><counter type="INSTRUCTION" missed="15" covered="0"/><counter type="BRANCH" missed="2" covered="0"/><counter type="LINE" missed="4" covered="0"/><counter type="COMPLEXITY" missed="2" covered="0"/><counter type="METHOD" missed="1" covered="0"/></method><method name="getName" desc="()Ljava/lang/String;" line="15"><counter type="INSTRUCTION" missed="3" covered="0"/><counter type="LINE" missed="1" covered="0"/><counter type="COMPLEXITY" missed="1" covered="0"/><counter type="METHOD" missed="1" covered="0"/></method><method name="getAllocations" desc="()Ljava/util/List;" line="16"><counter type="INSTRUCTION" missed="3" covered="0"/><counter type="LINE" missed="1" covered="0"/><counter type="COMPLEXITY" missed="1" covered="0"/><counter type="METHOD" missed="1" covered="0"/></method><method name="setName" desc="(Ljava/lang/String;)V" line="17"><counter type="INSTRUCTION" missed="4" covered="0"/><counter type="LINE" missed="1" covered="0"/><counter type="COMPLEXITY" missed="1" covered="0"/><counter type="METHOD" missed="1" covered="0"/></method><method name="setAllocations" desc="(Ljava/util/List;)V" line="18"><counter type="INSTRUCTION" missed="4" covered="0"/><counter type="LINE" missed="1" covered="0"/><counter type="COMPLEXITY" missed="1" covered="0"/><counter type="METHOD" missed="1" covered="0"/></method><method name="toString" desc="()Ljava/lang/String;" line="22"><counter type="INSTRUCTION" missed="7" covered="0"/><counter type="LINE" missed="1" covered="0"/><counter type="COMPLEXITY" missed="1" covered="0"/><counter type="METHOD" missed="1" covered="0"/></method><counter type="INSTRUCTION" missed="36" covered="0"/><counter type="BRANCH" missed="2" covered="0"/><counter type="LINE" missed="9" covered="0"/><counter type="COMPLEXITY" missed="7" covered="0"/><counter type="METHOD" missed="6" covered="0"/><counter type="CLASS" missed="1" covered="0"/></class><class name="model/Allocation" sourcefilename="Allocation.java"><method name="&lt;init&gt;" desc="(IILjava/lang/String;I)V" line="9"><counter type="INSTRUCTION" missed="15" covered="0"/><counter type="LINE" missed="6" covered="0"/><counter type="COMPLEXITY" missed="1" covered="0"/><counter type="METHOD" missed="1" covered="0"/></method><method name="&lt;init&gt;" desc="(II)V" line="18"><counter type="INSTRUCTION" missed="7" covered="0"/><counter type="LINE" missed="2" covered="0"/><counter type="COMPLEXITY" missed="1" covered="0"/><counter type="METHOD" missed="1" covered="0"/></method><method name="getTaskId" desc="()I" line="22"><counter type="INSTRUCTION" missed="3" covered="0"/><counter type="LINE" missed="1" covered="0"/><counter type="COMPLEXITY" missed="1" covered="0"/><counter type="METHOD" missed="1" covered="0"/></method><method name="getResourceId" desc="()I" line="23"><counter type="INSTRUCTION" missed="3" covered="0"/><counter type="LINE" missed="1" covered="0"/><counter type="COMPLEXITY" missed="1" covered="0"/><counter type="METHOD" missed="1" covered="0"/></method><method name="getResourceName" desc="()Ljava/lang/String;" line="24"><counter type="INSTRUCTION" missed="3" covered="0"/><counter type="LINE" missed="1" covered="0"/><counter type="COMPLEXITY" missed="1" covered="0"/><counter type="METHOD" missed="1" covered="0"/></method><method name="getLoad" desc="()I" line="25"><counter type="INSTRUCTION" missed="3" covered="0"/><counter type="LINE" missed="1" covered="0"/><counter type="COMPLEXITY" missed="1" covered="0"/><counter type="METHOD" missed="1" covered="0"/></method><method name="setTaskId" desc="(I)V" line="28"><counter type="INSTRUCTION" missed="4" covered="0"/><counter type="LINE" missed="1" covered="0"/><counter type="COMPLEXITY" missed="1" covered="0"/><counter type="METHOD" missed="1" covered="0"/></method><method name="setResourceId" desc="(I)V" line="29"><counter type="INSTRUCTION" missed="4" covered="0"/><counter type="LINE" missed="1" covered="0"/><counter type="COMPLEXITY" missed="1" covered="0"/><counter type="METHOD" missed="1" covered="0"/></method><method name="setResourceName" desc="(Ljava/lang/String;)V" line="30"><counter type="INSTRUCTION" missed="4" covered="0"/><counter type="LINE" missed="1" covered="0"/><counter type="COMPLEXITY" missed="1" covered="0"/><counter type="METHOD" missed="1" covered="0"/></method><method name="setLoad" desc="(I)V" line="31"><counter type="INSTRUCTION" missed="4" covered="0"/><counter type="LINE" missed="1" covered="0"/><counter type="COMPLEXITY" missed="1" covered="0"/><counter type="METHOD" missed="1" covered="0"/></method><method name="toString" desc="()Ljava/lang/String;" line="35"><counter type="INSTRUCTION" missed="36" covered="0"/><counter type="BRANCH" missed="4" covered="0"/><counter type="LINE" missed="4" covered="0"/><counter type="COMPLEXITY" missed="3" covered="0"/><counter type="METHOD" missed="1" covered="0"/></method><method name="isValid" desc="()Z" line="43"><counter type="INSTRUCTION" missed="14" covered="0"/><counter type="BRANCH" missed="6" covered="0"/><counter type="LINE" missed="1" covered="0"/><counter type="COMPLEXITY" missed="4" covered="0"/><counter type="METHOD" missed="1" covered="0"/></method><counter type="INSTRUCTION" missed="100" covered="0"/><counter type="BRANCH" missed="10" covered="0"/><counter type="LINE" missed="21" covered="0"/><counter type="COMPLEXITY" missed="17" covered="0"/><counter type="METHOD" missed="12" covered="0"/><counter type="CLASS" missed="1" covered="0"/></class><sourcefile name="Task.java"><line nr="11" mi="0" ci="2" mb="0" cb="0"/><line nr="12" mi="0" ci="3" mb="0" cb="0"/><line nr="13" mi="0" ci="3" mb="0" cb="0"/><line nr="14" mi="0" ci="3" mb="0" cb="0"/><line nr="15" mi="0" ci="3" mb="0" cb="0"/><line nr="16" mi="0" ci="3" mb="0" cb="0"/><line nr="17" mi="0" ci="3" mb="0" cb="0"/><line nr="18" mi="0" ci="1" mb="0" cb="0"/><line nr="21" mi="3" ci="0" mb="0" cb="0"/><line nr="22" mi="0" ci="3" mb="0" cb="0"/><line nr="23" mi="0" ci="3" mb="0" cb="0"/><line nr="24" mi="0" ci="3" mb="0" cb="0"/><line nr="25" mi="3" ci="0" mb="0" cb="0"/><line nr="26" mi="3" ci="0" mb="0" cb="0"/><line nr="29" mi="4" ci="0" mb="0" cb="0"/><line nr="30" mi="4" ci="0" mb="0" cb="0"/><line nr="31" mi="4" ci="0" mb="0" cb="0"/><line nr="32" mi="4" ci="0" mb="0" cb="0"/><line nr="33" mi="4" ci="0" mb="0" cb="0"/><line nr="34" mi="4" ci="0" mb="0" cb="0"/><line nr="37" mi="0" ci="10" mb="1" cb="1"/><line nr="38" mi="0" ci="6" mb="0" cb="2"/><counter type="INSTRUCTION" missed="33" covered="46"/><counter type="BRANCH" missed="1" covered="3"/><counter type="LINE" missed="9" covered="13"/><counter type="COMPLEXITY" missed="10" covered="6"/><counter type="METHOD" missed="9" covered="5"/><counter type="CLASS" missed="0" covered="1"/></sourcefile><sourcefile name="Resource.java"><line nr="9" mi="2" ci="0" mb="0" cb="0"/><line nr="10" mi="3" ci="0" mb="0" cb="0"/><line nr="11" mi="9" ci="0" mb="2" cb="0"/><line nr="12" mi="1" ci="0" mb="0" cb="0"/><line nr="15" mi="3" ci="0" mb="0" cb="0"/><line nr="16" mi="3" ci="0" mb="0" cb="0"/><line nr="17" mi="4" ci="0" mb="0" cb="0"/><line nr="18" mi="4" ci="0" mb="0" cb="0"/><line nr="22" mi="7" ci="0" mb="0" cb="0"/><counter type="INSTRUCTION" missed="36" covered="0"/><counter type="BRANCH" missed="2" covered="0"/><counter type="LINE" missed="9" covered="0"/><counter type="COMPLEXITY" missed="7" covered="0"/><counter type="METHOD" missed="6" covered="0"/><counter type="CLASS" missed="1" covered="0"/></sourcefile><sourcefile name="Project.java"><line nr="14" mi="0" ci="2" mb="0" cb="0"/><line nr="15" mi="0" ci="3" mb="0" cb="0"/><line nr="16" mi="0" ci="5" mb="0" cb="0"/><line nr="17" mi="0" ci="5" mb="0" cb="0"/><line nr="18" mi="0" ci="1" mb="0" cb="0"/><line nr="21" mi="3" ci="0" mb="0" cb="0"/><line nr="22" mi="4" ci="0" mb="0" cb="0"/><line nr="24" mi="0" ci="3" mb="0" cb="0"/><line nr="25" mi="0" ci="4" mb="0" cb="0"/><line nr="27" mi="3" ci="0" mb="0" cb="0"/><line nr="28" mi="0" ci="4" mb="0" cb="0"/><line nr="30" mi="3" ci="0" mb="0" cb="0"/><line nr="31" mi="4" ci="0" mb="0" cb="0"/><line nr="33" mi="3" ci="0" mb="0" cb="0"/><line nr="34" mi="4" ci="0" mb="0" cb="0"/><line nr="43" mi="0" ci="4" mb="0" cb="0"/><line nr="44" mi="0" ci="3" mb="0" cb="0"/><line nr="46" mi="0" ci="6" mb="2" cb="2"/><line nr="47" mi="2" ci="0" mb="0" cb="0"/><line nr="50" mi="0" ci="8" mb="0" cb="2"/><line nr="51" mi="0" ci="10" mb="0" cb="2"/><line nr="52" mi="0" ci="5" mb="0" cb="0"/><line nr="53" mi="0" ci="5" mb="0" cb="0"/><line nr="55" mi="0" ci="4" mb="0" cb="2"/><line nr="56" mi="0" ci="10" mb="0" cb="0"/><line nr="57" mi="0" ci="15" mb="0" cb="0"/><line nr="58" mi="0" ci="12" mb="0" cb="0"/><line nr="63" mi="0" ci="2" mb="0" cb="0"/><line nr="71" mi="0" ci="3" mb="0" cb="0"/><line nr="72" mi="0" ci="5" mb="1" cb="3"/><line nr="73" mi="0" ci="2" mb="0" cb="0"/><line nr="76" mi="0" ci="6" mb="0" cb="0"/><line nr="78" mi="0" ci="8" mb="0" cb="2"/><line nr="79" mi="0" ci="6" mb="0" cb="0"/><line nr="80" mi="0" ci="4" mb="1" cb="1"/><line nr="81" mi="0" ci="2" mb="0" cb="0"/><line nr="85" mi="0" ci="2" mb="0" cb="0"/><line nr="93" mi="3" ci="0" mb="0" cb="0"/><line nr="94" mi="5" ci="0" mb="4" cb="0"/><line nr="95" mi="2" ci="0" mb="0" cb="0"/><line nr="100" mi="3" ci="0" mb="0" cb="0"/><line nr="108" mi="4" ci="0" mb="0" cb="0"/><line nr="110" mi="6" ci="0" mb="4" cb="0"/><line nr="111" mi="2" ci="0" mb="0" cb="0"/><line nr="115" mi="11" ci="0" mb="2" cb="0"/><line nr="116" mi="3" ci="0" mb="2" cb="0"/><line nr="117" mi="11" ci="0" mb="2" cb="0"/><line nr="118" mi="11" ci="0" mb="2" cb="0"/><line nr="119" mi="10" ci="0" mb="4" cb="0"/><line nr="120" mi="6" ci="0" mb="0" cb="0"/><line nr="121" mi="3" ci="0" mb="2" cb="0"/><line nr="122" mi="10" ci="0" mb="0" cb="0"/><line nr="124" mi="19" ci="0" mb="0" cb="0"/><line nr="127" mi="1" ci="0" mb="0" cb="0"/><line nr="128" mi="1" ci="0" mb="0" cb="0"/><line nr="130" mi="1" ci="0" mb="0" cb="0"/><line nr="132" mi="2" ci="0" mb="0" cb="0"/><line nr="136" mi="4" ci="0" mb="0" cb="0"/><line nr="137" mi="4" ci="0" mb="0" cb="0"/><line nr="139" mi="4" ci="0" mb="4" cb="0"/><line nr="140" mi="4" ci="0" mb="0" cb="0"/><line nr="143" mi="2" ci="0" mb="0" cb="0"/><line nr="147" mi="3" ci="0" mb="2" cb="0"/><line nr="148" mi="11" ci="0" mb="2" cb="0"/><line nr="149" mi="4" ci="0" mb="2" cb="0"/><line nr="150" mi="2" ci="0" mb="0" cb="0"/><line nr="152" mi="1" ci="0" mb="0" cb="0"/><line nr="154" mi="2" ci="0" mb="0" cb="0"/><line nr="163" mi="4" ci="0" mb="0" cb="0"/><line nr="164" mi="4" ci="0" mb="0" cb="0"/><line nr="166" mi="5" ci="0" mb="4" cb="0"/><line nr="167" mi="2" ci="0" mb="0" cb="0"/><line nr="170" mi="11" ci="0" mb="2" cb="0"/><line nr="171" mi="8" ci="0" mb="4" cb="0"/><line nr="172" mi="10" ci="0" mb="0" cb="0"/><line nr="173" mi="18" ci="0" mb="0" cb="0"/><line nr="175" mi="1" ci="0" mb="0" cb="0"/><line nr="177" mi="2" ci="0" mb="0" cb="0"/><line nr="185" mi="3" ci="0" mb="0" cb="0"/><line nr="186" mi="5" ci="0" mb="4" cb="0"/><line nr="187" mi="2" ci="0" mb="0" cb="0"/><line nr="190" mi="6" ci="0" mb="0" cb="0"/><line nr="192" mi="8" ci="0" mb="2" cb="0"/><line nr="193" mi="6" ci="0" mb="0" cb="0"/><line nr="194" mi="4" ci="0" mb="2" cb="0"/><line nr="195" mi="2" ci="0" mb="0" cb="0"/><line nr="199" mi="2" ci="0" mb="0" cb="0"/><line nr="207" mi="3" ci="0" mb="0" cb="0"/><line nr="208" mi="3" ci="0" mb="0" cb="0"/><line nr="210" mi="4" ci="0" mb="4" cb="0"/><line nr="211" mi="2" ci="0" mb="0" cb="0"/><line nr="217" mi="13" ci="0" mb="0" cb="0"/><line nr="218" mi="1" ci="0" mb="0" cb="0"/><line nr="219" mi="2" ci="0" mb="0" cb="0"/><counter type="INSTRUCTION" missed="312" covered="149"/><counter type="BRANCH" missed="58" covered="14"/><counter type="LINE" missed="65" covered="29"/><counter type="COMPLEXITY" missed="45" covered="11"/><counter type="METHOD" missed="14" covered="6"/><counter type="CLASS" missed="0" covered="1"/></sourcefile><sourcefile name="Allocation.java"><line nr="9" mi="2" ci="0" mb="0" cb="0"/><line nr="10" mi="3" ci="0" mb="0" cb="0"/><line nr="11" mi="3" ci="0" mb="0" cb="0"/><line nr="12" mi="3" ci="0" mb="0" cb="0"/><line nr="13" mi="3" ci="0" mb="0" cb="0"/><line nr="14" mi="1" ci="0" mb="0" cb="0"/><line nr="18" mi="6" ci="0" mb="0" cb="0"/><line nr="19" mi="1" ci="0" mb="0" cb="0"/><line nr="22" mi="3" ci="0" mb="0" cb="0"/><line nr="23" mi="3" ci="0" mb="0" cb="0"/><line nr="24" mi="3" ci="0" mb="0" cb="0"/><line nr="25" mi="3" ci="0" mb="0" cb="0"/><line nr="28" mi="4" ci="0" mb="0" cb="0"/><line nr="29" mi="4" ci="0" mb="0" cb="0"/><line nr="30" mi="4" ci="0" mb="0" cb="0"/><line nr="31" mi="4" ci="0" mb="0" cb="0"/><line nr="35" mi="7" ci="0" mb="4" cb="0"/><line nr="36" mi="2" ci="0" mb="0" cb="0"/><line nr="37" mi="6" ci="0" mb="0" cb="0"/><line nr="38" mi="21" ci="0" mb="0" cb="0"/><line nr="43" mi="14" ci="0" mb="6" cb="0"/><counter type="INSTRUCTION" missed="100" covered="0"/><counter type="BRANCH" missed="10" covered="0"/><counter type="LINE" missed="21" covered="0"/><counter type="COMPLEXITY" missed="17" covered="0"/><counter type="METHOD" missed="12" covered="0"/><counter type="CLASS" missed="1" covered="0"/></sourcefile><counter type="INSTRUCTION" missed="481" covered="195"/><counter type="BRANCH" missed="71" covered="17"/><counter type="LINE" missed="104" covered="42"/><counter type="COMPLEXITY" missed="79" covered="17"/><counter type="METHOD" missed="41" covered="11"/><counter type="CLASS" missed="2" covered="2"/></package><counter type="INSTRUCTION" missed="6689" covered="195"/><counter type="BRANCH" missed="571" covered="17"/><counter type="LINE" missed="1382" covered="42"/><counter type="COMPLEXITY" missed="451" covered="17"/><counter type="METHOD" missed="163" covered="11"/><counter type="CLASS" missed="22" covered="2"/></report>